
$ C:\Users\hunmi\AppData\Local\Microsoft\WindowsApps\PythonSoftwareFoundation.Python.3.11_qbz5n2kfra8p0\python.exe 03_scripts\04_run_executor.py --candidate LP_1091C22C41B7_HEAVE_20260706T135310Z0000 --dof FD_SURGE --suite-id LP_1091C22C41B7_HEAVE_20260706T135310Z0000_20260706T135329Z0000
[suite-heartbeat] suite=LP_1091C22C41B7_HEAVE_20260706T135310Z0000_20260706T135329Z0000 dof=FD_SURGE phase=executor elapsed=29.0s child_status=RUNNING child_run=RUN_0001_FD_SURGE_LP_1091C22C41B7_HEAVE_20260706T135310Z0000
[suite-heartbeat] suite=LP_1091C22C41B7_HEAVE_20260706T135310Z0000_20260706T135329Z0000 dof=FD_SURGE phase=executor elapsed=59.1s child_status=RUNNING child_run=RUN_0001_FD_SURGE_LP_1091C22C41B7_HEAVE_20260706T135310Z0000
[suite-heartbeat] suite=LP_1091C22C41B7_HEAVE_20260706T135310Z0000_20260706T135329Z0000 dof=FD_SURGE phase=executor elapsed=89.2s child_status=RUNNING child_run=RUN_0001_FD_SURGE_LP_1091C22C41B7_HEAVE_20260706T135310Z0000
[suite-heartbeat] suite=LP_1091C22C41B7_HEAVE_20260706T135310Z0000_20260706T135329Z0000 dof=FD_SURGE phase=executor elapsed=119.2s child_status= child_run=RUN_0001_FD_SURGE_LP_1091C22C41B7_HEAVE_20260706T135310Z0000
[suite-heartbeat] suite=LP_1091C22C41B7_HEAVE_20260706T135310Z0000_20260706T135329Z0000 dof=FD_SURGE phase=executor elapsed=149.3s child_status=RUNNING child_run=RUN_0001_FD_SURGE_LP_1091C22C41B7_HEAVE_20260706T135310Z0000
[suite-heartbeat] suite=LP_1091C22C41B7_HEAVE_20260706T135310Z0000_20260706T135329Z0000 dof=FD_SURGE phase=executor elapsed=179.3s child_status=RUNNING child_run=RUN_0001_FD_SURGE_LP_1091C22C41B7_HEAVE_20260706T135310Z0000
[suite-heartbeat] suite=LP_1091C22C41B7_HEAVE_20260706T135310Z0000_20260706T135329Z0000 dof=FD_SURGE phase=executor elapsed=209.4s child_status=RUNNING child_run=RUN_0001_FD_SURGE_LP_1091C22C41B7_HEAVE_20260706T135310Z0000
[suite-heartbeat] suite=LP_1091C22C41B7_HEAVE_20260706T135310Z0000_20260706T135329Z0000 dof=FD_SURGE phase=executor elapsed=239.4s child_status=RUNNING child_run=RUN_0001_FD_SURGE_LP_1091C22C41B7_HEAVE_20260706T135310Z0000
[suite-heartbeat] suite=LP_1091C22C41B7_HEAVE_20260706T135310Z0000_20260706T135329Z0000 dof=FD_SURGE phase=executor elapsed=269.5s child_status=RUNNING child_run=RUN_0001_FD_SURGE_LP_1091C22C41B7_HEAVE_20260706T135310Z0000
[suite-heartbeat] suite=LP_1091C22C41B7_HEAVE_20260706T135310Z0000_20260706T135329Z0000 dof=FD_SURGE phase=executor elapsed=299.5s child_status=RUNNING child_run=RUN_0001_FD_SURGE_LP_1091C22C41B7_HEAVE_20260706T135310Z0000
[suite-heartbeat] suite=LP_1091C22C41B7_HEAVE_20260706T135310Z0000_20260706T135329Z0000 dof=FD_SURGE phase=executor elapsed=329.6s child_status=RUNNING child_run=RUN_0001_FD_SURGE_LP_1091C22C41B7_HEAVE_20260706T135310Z0000
[suite-heartbeat] suite=LP_1091C22C41B7_HEAVE_20260706T135310Z0000_20260706T135329Z0000 dof=FD_SURGE phase=executor elapsed=359.7s child_status=RUNNING child_run=RUN_0001_FD_SURGE_LP_1091C22C41B7_HEAVE_20260706T135310Z0000
[suite-heartbeat] suite=LP_1091C22C41B7_HEAVE_20260706T135310Z0000_20260706T135329Z0000 dof=FD_SURGE phase=executor elapsed=389.7s child_status=RUNNING child_run=RUN_0001_FD_SURGE_LP_1091C22C41B7_HEAVE_20260706T135310Z0000
[suite-heartbeat] suite=LP_1091C22C41B7_HEAVE_20260706T135310Z0000_20260706T135329Z0000 dof=FD_SURGE phase=executor elapsed=419.8s child_status=RUNNING child_run=RUN_0001_FD_SURGE_LP_1091C22C41B7_HEAVE_20260706T135310Z0000
[suite-heartbeat] suite=LP_1091C22C41B7_HEAVE_20260706T135310Z0000_20260706T135329Z0000 dof=FD_SURGE phase=executor elapsed=449.8s child_status=RUNNING child_run=RUN_0001_FD_SURGE_LP_1091C22C41B7_HEAVE_20260706T135310Z0000
[suite-heartbeat] suite=LP_1091C22C41B7_HEAVE_20260706T135310Z0000_20260706T135329Z0000 dof=FD_SURGE phase=executor elapsed=479.9s child_status=RUNNING child_run=RUN_0001_FD_SURGE_LP_1091C22C41B7_HEAVE_20260706T135310Z0000
[suite-heartbeat] suite=LP_1091C22C41B7_HEAVE_20260706T135310Z0000_20260706T135329Z0000 dof=FD_SURGE phase=executor elapsed=509.9s child_status=RUNNING child_run=RUN_0001_FD_SURGE_LP_1091C22C41B7_HEAVE_20260706T135310Z0000
[suite-heartbeat] suite=LP_1091C22C41B7_HEAVE_20260706T135310Z0000_20260706T135329Z0000 dof=FD_SURGE phase=executor elapsed=540.0s child_status=RUNNING child_run=RUN_0001_FD_SURGE_LP_1091C22C41B7_HEAVE_20260706T135310Z0000
[suite-heartbeat] suite=LP_1091C22C41B7_HEAVE_20260706T135310Z0000_20260706T135329Z0000 dof=FD_SURGE phase=executor elapsed=570.0s child_status=RUNNING child_run=RUN_0001_FD_SURGE_LP_1091C22C41B7_HEAVE_20260706T135310Z0000
[suite-heartbeat] suite=LP_1091C22C41B7_HEAVE_20260706T135310Z0000_20260706T135329Z0000 dof=FD_SURGE phase=executor elapsed=600.0s child_status=RUNNING child_run=RUN_0001_FD_SURGE_LP_1091C22C41B7_HEAVE_20260706T135310Z0000
[suite-heartbeat] suite=LP_1091C22C41B7_HEAVE_20260706T135310Z0000_20260706T135329Z0000 dof=FD_SURGE phase=executor elapsed=630.1s child_status=RUNNING child_run=RUN_0001_FD_SURGE_LP_1091C22C41B7_HEAVE_20260706T135310Z0000
Run Executor: SUCCESS RUN_0001_FD_SURGE_LP_1091C22C41B7_HEAVE_20260706T135310Z0000
[exit 0]

$ C:\Users\hunmi\AppData\Local\Microsoft\WindowsApps\PythonSoftwareFoundation.Python.3.11_qbz5n2kfra8p0\python.exe 03_scripts\05_evaluate_metrics.py --candidate LP_1091C22C41B7_HEAVE_20260706T135310Z0000 --dof FD_SURGE
Metric Evaluator: PASS
[exit 0]

$ C:\Users\hunmi\AppData\Local\Microsoft\WindowsApps\PythonSoftwareFoundation.Python.3.11_qbz5n2kfra8p0\python.exe 03_scripts\04_run_executor.py --candidate LP_1091C22C41B7_HEAVE_20260706T135310Z0000 --dof FD_SWAY --suite-id LP_1091C22C41B7_HEAVE_20260706T135310Z0000_20260706T135329Z0000
[suite-heartbeat] suite=LP_1091C22C41B7_HEAVE_20260706T135310Z0000_20260706T135329Z0000 dof=FD_SWAY phase=executor elapsed=29.0s child_status=RUNNING child_run=RUN_0001_FD_SWAY_LP_1091C22C41B7_HEAVE_20260706T135310Z0000
[suite-heartbeat] suite=LP_1091C22C41B7_HEAVE_20260706T135310Z0000_20260706T135329Z0000 dof=FD_SWAY phase=executor elapsed=59.1s child_status=RUNNING child_run=RUN_0001_FD_SWAY_LP_1091C22C41B7_HEAVE_20260706T135310Z0000
[suite-heartbeat] suite=LP_1091C22C41B7_HEAVE_20260706T135310Z0000_20260706T135329Z0000 dof=FD_SWAY phase=executor elapsed=89.1s child_status=RUNNING child_run=RUN_0001_FD_SWAY_LP_1091C22C41B7_HEAVE_20260706T135310Z0000
[suite-heartbeat] suite=LP_1091C22C41B7_HEAVE_20260706T135310Z0000_20260706T135329Z0000 dof=FD_SWAY phase=executor elapsed=119.2s child_status=RUNNING child_run=RUN_0001_FD_SWAY_LP_1091C22C41B7_HEAVE_20260706T135310Z0000
[suite-heartbeat] suite=LP_1091C22C41B7_HEAVE_20260706T135310Z0000_20260706T135329Z0000 dof=FD_SWAY phase=executor elapsed=149.2s child_status=RUNNING child_run=RUN_0001_FD_SWAY_LP_1091C22C41B7_HEAVE_20260706T135310Z0000
[suite-heartbeat] suite=LP_1091C22C41B7_HEAVE_20260706T135310Z0000_20260706T135329Z0000 dof=FD_SWAY phase=executor elapsed=179.2s child_status=RUNNING child_run=RUN_0001_FD_SWAY_LP_1091C22C41B7_HEAVE_20260706T135310Z0000
[suite-heartbeat] suite=LP_1091C22C41B7_HEAVE_20260706T135310Z0000_20260706T135329Z0000 dof=FD_SWAY phase=executor elapsed=209.3s child_status=RUNNING child_run=RUN_0001_FD_SWAY_LP_1091C22C41B7_HEAVE_20260706T135310Z0000
[suite-heartbeat] suite=LP_1091C22C41B7_HEAVE_20260706T135310Z0000_20260706T135329Z0000 dof=FD_SWAY phase=executor elapsed=239.3s child_status=RUNNING child_run=RUN_0001_FD_SWAY_LP_1091C22C41B7_HEAVE_20260706T135310Z0000
[suite-heartbeat] suite=LP_1091C22C41B7_HEAVE_20260706T135310Z0000_20260706T135329Z0000 dof=FD_SWAY phase=executor elapsed=269.4s child_status=RUNNING child_run=RUN_0001_FD_SWAY_LP_1091C22C41B7_HEAVE_20260706T135310Z0000
[suite-heartbeat] suite=LP_1091C22C41B7_HEAVE_20260706T135310Z0000_20260706T135329Z0000 dof=FD_SWAY phase=executor elapsed=299.4s child_status=RUNNING child_run=RUN_0001_FD_SWAY_LP_1091C22C41B7_HEAVE_20260706T135310Z0000
[suite-heartbeat] suite=LP_1091C22C41B7_HEAVE_20260706T135310Z0000_20260706T135329Z0000 dof=FD_SWAY phase=executor elapsed=329.5s child_status=RUNNING child_run=RUN_0001_FD_SWAY_LP_1091C22C41B7_HEAVE_20260706T135310Z0000
[suite-heartbeat] suite=LP_1091C22C41B7_HEAVE_20260706T135310Z0000_20260706T135329Z0000 dof=FD_SWAY phase=executor elapsed=359.5s child_status=RUNNING child_run=RUN_0001_FD_SWAY_LP_1091C22C41B7_HEAVE_20260706T135310Z0000
[suite-heartbeat] suite=LP_1091C22C41B7_HEAVE_20260706T135310Z0000_20260706T135329Z0000 dof=FD_SWAY phase=executor elapsed=389.6s child_status=RUNNING child_run=RUN_0001_FD_SWAY_LP_1091C22C41B7_HEAVE_20260706T135310Z0000
[suite-heartbeat] suite=LP_1091C22C41B7_HEAVE_20260706T135310Z0000_20260706T135329Z0000 dof=FD_SWAY phase=executor elapsed=419.6s child_status=RUNNING child_run=RUN_0001_FD_SWAY_LP_1091C22C41B7_HEAVE_20260706T135310Z0000
[suite-heartbeat] suite=LP_1091C22C41B7_HEAVE_20260706T135310Z0000_20260706T135329Z0000 dof=FD_SWAY phase=executor elapsed=449.7s child_status=RUNNING child_run=RUN_0001_FD_SWAY_LP_1091C22C41B7_HEAVE_20260706T135310Z0000
[suite-heartbeat] suite=LP_1091C22C41B7_HEAVE_20260706T135310Z0000_20260706T135329Z0000 dof=FD_SWAY phase=executor elapsed=479.7s child_status=RUNNING child_run=RUN_0001_FD_SWAY_LP_1091C22C41B7_HEAVE_20260706T135310Z0000
[suite-heartbeat] suite=LP_1091C22C41B7_HEAVE_20260706T135310Z0000_20260706T135329Z0000 dof=FD_SWAY phase=executor elapsed=509.8s child_status=RUNNING child_run=RUN_0001_FD_SWAY_LP_1091C22C41B7_HEAVE_20260706T135310Z0000
[suite-heartbeat] suite=LP_1091C22C41B7_HEAVE_20260706T135310Z0000_20260706T135329Z0000 dof=FD_SWAY phase=executor elapsed=539.8s child_status=RUNNING child_run=RUN_0001_FD_SWAY_LP_1091C22C41B7_HEAVE_20260706T135310Z0000
[suite-heartbeat] suite=LP_1091C22C41B7_HEAVE_20260706T135310Z0000_20260706T135329Z0000 dof=FD_SWAY phase=executor elapsed=569.9s child_status=RUNNING child_run=RUN_0001_FD_SWAY_LP_1091C22C41B7_HEAVE_20260706T135310Z0000
[suite-heartbeat] suite=LP_1091C22C41B7_HEAVE_20260706T135310Z0000_20260706T135329Z0000 dof=FD_SWAY phase=executor elapsed=599.9s child_status=RUNNING child_run=RUN_0001_FD_SWAY_LP_1091C22C41B7_HEAVE_20260706T135310Z0000
Run Executor: SUCCESS RUN_0001_FD_SWAY_LP_1091C22C41B7_HEAVE_20260706T135310Z0000
[exit 0]

$ C:\Users\hunmi\AppData\Local\Microsoft\WindowsApps\PythonSoftwareFoundation.Python.3.11_qbz5n2kfra8p0\python.exe 03_scripts\05_evaluate_metrics.py --candidate LP_1091C22C41B7_HEAVE_20260706T135310Z0000 --dof FD_SWAY
Metric Evaluator: PASS
[exit 0]

$ C:\Users\hunmi\AppData\Local\Microsoft\WindowsApps\PythonSoftwareFoundation.Python.3.11_qbz5n2kfra8p0\python.exe 03_scripts\04_run_executor.py --candidate LP_1091C22C41B7_HEAVE_20260706T135310Z0000 --dof FD_HEAVE --suite-id LP_1091C22C41B7_HEAVE_20260706T135310Z0000_20260706T135329Z0000
[suite-heartbeat] suite=LP_1091C22C41B7_HEAVE_20260706T135310Z0000_20260706T135329Z0000 dof=FD_HEAVE phase=executor elapsed=29.0s child_status=RUNNING child_run=RUN_0001_FD_HEAVE_LP_1091C22C41B7_HEAVE_20260706T135310Z0000
[suite-heartbeat] suite=LP_1091C22C41B7_HEAVE_20260706T135310Z0000_20260706T135329Z0000 dof=FD_HEAVE phase=executor elapsed=59.1s child_status=RUNNING child_run=RUN_0001_FD_HEAVE_LP_1091C22C41B7_HEAVE_20260706T135310Z0000
[suite-heartbeat] suite=LP_1091C22C41B7_HEAVE_20260706T135310Z0000_20260706T135329Z0000 dof=FD_HEAVE phase=executor elapsed=89.1s child_status=RUNNING child_run=RUN_0001_FD_HEAVE_LP_1091C22C41B7_HEAVE_20260706T135310Z0000
[suite-heartbeat] suite=LP_1091C22C41B7_HEAVE_20260706T135310Z0000_20260706T135329Z0000 dof=FD_HEAVE phase=executor elapsed=119.2s child_status=RUNNING child_run=RUN_0001_FD_HEAVE_LP_1091C22C41B7_HEAVE_20260706T135310Z0000
[suite-heartbeat] suite=LP_1091C22C41B7_HEAVE_20260706T135310Z0000_20260706T135329Z0000 dof=FD_HEAVE phase=executor elapsed=149.2s child_status=RUNNING child_run=RUN_0001_FD_HEAVE_LP_1091C22C41B7_HEAVE_20260706T135310Z0000
[suite-heartbeat] suite=LP_1091C22C41B7_HEAVE_20260706T135310Z0000_20260706T135329Z0000 dof=FD_HEAVE phase=executor elapsed=179.3s child_status=RUNNING child_run=RUN_0001_FD_HEAVE_LP_1091C22C41B7_HEAVE_20260706T135310Z0000
[suite-heartbeat] suite=LP_1091C22C41B7_HEAVE_20260706T135310Z0000_20260706T135329Z0000 dof=FD_HEAVE phase=executor elapsed=209.3s child_status=RUNNING child_run=RUN_0001_FD_HEAVE_LP_1091C22C41B7_HEAVE_20260706T135310Z0000
[suite-heartbeat] suite=LP_1091C22C41B7_HEAVE_20260706T135310Z0000_20260706T135329Z0000 dof=FD_HEAVE phase=executor elapsed=239.3s child_status=RUNNING child_run=RUN_0001_FD_HEAVE_LP_1091C22C41B7_HEAVE_20260706T135310Z0000
Run Executor: SUCCESS RUN_0001_FD_HEAVE_LP_1091C22C41B7_HEAVE_20260706T135310Z0000
[exit 0]

$ C:\Users\hunmi\AppData\Local\Microsoft\WindowsApps\PythonSoftwareFoundation.Python.3.11_qbz5n2kfra8p0\python.exe 03_scripts\05_evaluate_metrics.py --candidate LP_1091C22C41B7_HEAVE_20260706T135310Z0000 --dof FD_HEAVE
Metric Evaluator: PASS
[exit 0]

$ C:\Users\hunmi\AppData\Local\Microsoft\WindowsApps\PythonSoftwareFoundation.Python.3.11_qbz5n2kfra8p0\python.exe 03_scripts\04_run_executor.py --candidate LP_1091C22C41B7_HEAVE_20260706T135310Z0000 --dof FD_ROLL --suite-id LP_1091C22C41B7_HEAVE_20260706T135310Z0000_20260706T135329Z0000
[suite-heartbeat] suite=LP_1091C22C41B7_HEAVE_20260706T135310Z0000_20260706T135329Z0000 dof=FD_ROLL phase=executor elapsed=29.0s child_status=RUNNING child_run=RUN_0001_FD_ROLL_LP_1091C22C41B7_HEAVE_20260706T135310Z0000
[suite-heartbeat] suite=LP_1091C22C41B7_HEAVE_20260706T135310Z0000_20260706T135329Z0000 dof=FD_ROLL phase=executor elapsed=59.0s child_status=RUNNING child_run=RUN_0001_FD_ROLL_LP_1091C22C41B7_HEAVE_20260706T135310Z0000
[suite-heartbeat] suite=LP_1091C22C41B7_HEAVE_20260706T135310Z0000_20260706T135329Z0000 dof=FD_ROLL phase=executor elapsed=89.1s child_status=RUNNING child_run=RUN_0001_FD_ROLL_LP_1091C22C41B7_HEAVE_20260706T135310Z0000
[suite-heartbeat] suite=LP_1091C22C41B7_HEAVE_20260706T135310Z0000_20260706T135329Z0000 dof=FD_ROLL phase=executor elapsed=119.1s child_status=RUNNING child_run=RUN_0001_FD_ROLL_LP_1091C22C41B7_HEAVE_20260706T135310Z0000
[suite-heartbeat] suite=LP_1091C22C41B7_HEAVE_20260706T135310Z0000_20260706T135329Z0000 dof=FD_ROLL phase=executor elapsed=149.2s child_status=RUNNING child_run=RUN_0001_FD_ROLL_LP_1091C22C41B7_HEAVE_20260706T135310Z0000
[suite-heartbeat] suite=LP_1091C22C41B7_HEAVE_20260706T135310Z0000_20260706T135329Z0000 dof=FD_ROLL phase=executor elapsed=179.2s child_status=RUNNING child_run=RUN_0001_FD_ROLL_LP_1091C22C41B7_HEAVE_20260706T135310Z0000
[suite-heartbeat] suite=LP_1091C22C41B7_HEAVE_20260706T135310Z0000_20260706T135329Z0000 dof=FD_ROLL phase=executor elapsed=209.3s child_status=RUNNING child_run=RUN_0001_FD_ROLL_LP_1091C22C41B7_HEAVE_20260706T135310Z0000
[suite-heartbeat] suite=LP_1091C22C41B7_HEAVE_20260706T135310Z0000_20260706T135329Z0000 dof=FD_ROLL phase=executor elapsed=239.3s child_status=RUNNING child_run=RUN_0001_FD_ROLL_LP_1091C22C41B7_HEAVE_20260706T135310Z0000
[suite-heartbeat] suite=LP_1091C22C41B7_HEAVE_20260706T135310Z0000_20260706T135329Z0000 dof=FD_ROLL phase=executor elapsed=269.4s child_status=RUNNING child_run=RUN_0001_FD_ROLL_LP_1091C22C41B7_HEAVE_20260706T135310Z0000
[suite-heartbeat] suite=LP_1091C22C41B7_HEAVE_20260706T135310Z0000_20260706T135329Z0000 dof=FD_ROLL phase=executor elapsed=299.4s child_status=RUNNING child_run=RUN_0001_FD_ROLL_LP_1091C22C41B7_HEAVE_20260706T135310Z0000
Run Executor: SUCCESS RUN_0001_FD_ROLL_LP_1091C22C41B7_HEAVE_20260706T135310Z0000
[exit 0]

$ C:\Users\hunmi\AppData\Local\Microsoft\WindowsApps\PythonSoftwareFoundation.Python.3.11_qbz5n2kfra8p0\python.exe 03_scripts\05_evaluate_metrics.py --candidate LP_1091C22C41B7_HEAVE_20260706T135310Z0000 --dof FD_ROLL
Metric Evaluator: PASS
[exit 0]

$ C:\Users\hunmi\AppData\Local\Microsoft\WindowsApps\PythonSoftwareFoundation.Python.3.11_qbz5n2kfra8p0\python.exe 03_scripts\04_run_executor.py --candidate LP_1091C22C41B7_HEAVE_20260706T135310Z0000 --dof FD_PITCH --suite-id LP_1091C22C41B7_HEAVE_20260706T135310Z0000_20260706T135329Z0000
[suite-heartbeat] suite=LP_1091C22C41B7_HEAVE_20260706T135310Z0000_20260706T135329Z0000 dof=FD_PITCH phase=executor elapsed=29.0s child_status=RUNNING child_run=RUN_0001_FD_PITCH_LP_1091C22C41B7_HEAVE_20260706T135310Z0000
[suite-heartbeat] suite=LP_1091C22C41B7_HEAVE_20260706T135310Z0000_20260706T135329Z0000 dof=FD_PITCH phase=executor elapsed=59.0s child_status=RUNNING child_run=RUN_0001_FD_PITCH_LP_1091C22C41B7_HEAVE_20260706T135310Z0000
[suite-heartbeat] suite=LP_1091C22C41B7_HEAVE_20260706T135310Z0000_20260706T135329Z0000 dof=FD_PITCH phase=executor elapsed=89.1s child_status=RUNNING child_run=RUN_0001_FD_PITCH_LP_1091C22C41B7_HEAVE_20260706T135310Z0000
[suite-heartbeat] suite=LP_1091C22C41B7_HEAVE_20260706T135310Z0000_20260706T135329Z0000 dof=FD_PITCH phase=executor elapsed=119.1s child_status=RUNNING child_run=RUN_0001_FD_PITCH_LP_1091C22C41B7_HEAVE_20260706T135310Z0000
[suite-heartbeat] suite=LP_1091C22C41B7_HEAVE_20260706T135310Z0000_20260706T135329Z0000 dof=FD_PITCH phase=executor elapsed=149.2s child_status=RUNNING child_run=RUN_0001_FD_PITCH_LP_1091C22C41B7_HEAVE_20260706T135310Z0000
[suite-heartbeat] suite=LP_1091C22C41B7_HEAVE_20260706T135310Z0000_20260706T135329Z0000 dof=FD_PITCH phase=executor elapsed=179.2s child_status=RUNNING child_run=RUN_0001_FD_PITCH_LP_1091C22C41B7_HEAVE_20260706T135310Z0000
[suite-heartbeat] suite=LP_1091C22C41B7_HEAVE_20260706T135310Z0000_20260706T135329Z0000 dof=FD_PITCH phase=executor elapsed=209.3s child_status=RUNNING child_run=RUN_0001_FD_PITCH_LP_1091C22C41B7_HEAVE_20260706T135310Z0000
[suite-heartbeat] suite=LP_1091C22C41B7_HEAVE_20260706T135310Z0000_20260706T135329Z0000 dof=FD_PITCH phase=executor elapsed=239.3s child_status=RUNNING child_run=RUN_0001_FD_PITCH_LP_1091C22C41B7_HEAVE_20260706T135310Z0000
[suite-heartbeat] suite=LP_1091C22C41B7_HEAVE_20260706T135310Z0000_20260706T135329Z0000 dof=FD_PITCH phase=executor elapsed=269.4s child_status=RUNNING child_run=RUN_0001_FD_PITCH_LP_1091C22C41B7_HEAVE_20260706T135310Z0000
[suite-heartbeat] suite=LP_1091C22C41B7_HEAVE_20260706T135310Z0000_20260706T135329Z0000 dof=FD_PITCH phase=executor elapsed=299.4s child_status=RUNNING child_run=RUN_0001_FD_PITCH_LP_1091C22C41B7_HEAVE_20260706T135310Z0000
Run Executor: SUCCESS RUN_0001_FD_PITCH_LP_1091C22C41B7_HEAVE_20260706T135310Z0000
[exit 0]

$ C:\Users\hunmi\AppData\Local\Microsoft\WindowsApps\PythonSoftwareFoundation.Python.3.11_qbz5n2kfra8p0\python.exe 03_scripts\05_evaluate_metrics.py --candidate LP_1091C22C41B7_HEAVE_20260706T135310Z0000 --dof FD_PITCH
Metric Evaluator: PASS
[exit 0]

$ C:\Users\hunmi\AppData\Local\Microsoft\WindowsApps\PythonSoftwareFoundation.Python.3.11_qbz5n2kfra8p0\python.exe 03_scripts\04_run_executor.py --candidate LP_1091C22C41B7_HEAVE_20260706T135310Z0000 --dof FD_YAW --suite-id LP_1091C22C41B7_HEAVE_20260706T135310Z0000_20260706T135329Z0000
[suite-heartbeat] suite=LP_1091C22C41B7_HEAVE_20260706T135310Z0000_20260706T135329Z0000 dof=FD_YAW phase=executor elapsed=29.0s child_status=RUNNING child_run=RUN_0001_FD_YAW_LP_1091C22C41B7_HEAVE_20260706T135310Z0000
[suite-heartbeat] suite=LP_1091C22C41B7_HEAVE_20260706T135310Z0000_20260706T135329Z0000 dof=FD_YAW phase=executor elapsed=59.1s child_status=RUNNING child_run=RUN_0001_FD_YAW_LP_1091C22C41B7_HEAVE_20260706T135310Z0000
[suite-heartbeat] suite=LP_1091C22C41B7_HEAVE_20260706T135310Z0000_20260706T135329Z0000 dof=FD_YAW phase=executor elapsed=89.1s child_status=RUNNING child_run=RUN_0001_FD_YAW_LP_1091C22C41B7_HEAVE_20260706T135310Z0000
[suite-heartbeat] suite=LP_1091C22C41B7_HEAVE_20260706T135310Z0000_20260706T135329Z0000 dof=FD_YAW phase=executor elapsed=119.1s child_status=RUNNING child_run=RUN_0001_FD_YAW_LP_1091C22C41B7_HEAVE_20260706T135310Z0000
[suite-heartbeat] suite=LP_1091C22C41B7_HEAVE_20260706T135310Z0000_20260706T135329Z0000 dof=FD_YAW phase=executor elapsed=149.2s child_status=RUNNING child_run=RUN_0001_FD_YAW_LP_1091C22C41B7_HEAVE_20260706T135310Z0000
[suite-heartbeat] suite=LP_1091C22C41B7_HEAVE_20260706T135310Z0000_20260706T135329Z0000 dof=FD_YAW phase=executor elapsed=179.2s child_status=RUNNING child_run=RUN_0001_FD_YAW_LP_1091C22C41B7_HEAVE_20260706T135310Z0000
[suite-heartbeat] suite=LP_1091C22C41B7_HEAVE_20260706T135310Z0000_20260706T135329Z0000 dof=FD_YAW phase=executor elapsed=209.3s child_status= child_run=RUN_0001_FD_YAW_LP_1091C22C41B7_HEAVE_20260706T135310Z0000
[suite-heartbeat] suite=LP_1091C22C41B7_HEAVE_20260706T135310Z0000_20260706T135329Z0000 dof=FD_YAW phase=executor elapsed=239.3s child_status=RUNNING child_run=RUN_0001_FD_YAW_LP_1091C22C41B7_HEAVE_20260706T135310Z0000
[suite-heartbeat] suite=LP_1091C22C41B7_HEAVE_20260706T135310Z0000_20260706T135329Z0000 dof=FD_YAW phase=executor elapsed=269.4s child_status=RUNNING child_run=RUN_0001_FD_YAW_LP_1091C22C41B7_HEAVE_20260706T135310Z0000
[suite-heartbeat] suite=LP_1091C22C41B7_HEAVE_20260706T135310Z0000_20260706T135329Z0000 dof=FD_YAW phase=executor elapsed=299.4s child_status=RUNNING child_run=RUN_0001_FD_YAW_LP_1091C22C41B7_HEAVE_20260706T135310Z0000
[suite-heartbeat] suite=LP_1091C22C41B7_HEAVE_20260706T135310Z0000_20260706T135329Z0000 dof=FD_YAW phase=executor elapsed=329.5s child_status=RUNNING child_run=RUN_0001_FD_YAW_LP_1091C22C41B7_HEAVE_20260706T135310Z0000
[suite-heartbeat] suite=LP_1091C22C41B7_HEAVE_20260706T135310Z0000_20260706T135329Z0000 dof=FD_YAW phase=executor elapsed=359.5s child_status=RUNNING child_run=RUN_0001_FD_YAW_LP_1091C22C41B7_HEAVE_20260706T135310Z0000
[suite-heartbeat] suite=LP_1091C22C41B7_HEAVE_20260706T135310Z0000_20260706T135329Z0000 dof=FD_YAW phase=executor elapsed=389.5s child_status=RUNNING child_run=RUN_0001_FD_YAW_LP_1091C22C41B7_HEAVE_20260706T135310Z0000
[suite-heartbeat] suite=LP_1091C22C41B7_HEAVE_20260706T135310Z0000_20260706T135329Z0000 dof=FD_YAW phase=executor elapsed=419.6s child_status=RUNNING child_run=RUN_0001_FD_YAW_LP_1091C22C41B7_HEAVE_20260706T135310Z0000
Run Executor: SUCCESS RUN_0001_FD_YAW_LP_1091C22C41B7_HEAVE_20260706T135310Z0000
[exit 0]

$ C:\Users\hunmi\AppData\Local\Microsoft\WindowsApps\PythonSoftwareFoundation.Python.3.11_qbz5n2kfra8p0\python.exe 03_scripts\05_evaluate_metrics.py --candidate LP_1091C22C41B7_HEAVE_20260706T135310Z0000 --dof FD_YAW
Metric Evaluator: PASS
[exit 0]

$ C:\Users\hunmi\AppData\Local\Microsoft\WindowsApps\PythonSoftwareFoundation.Python.3.11_qbz5n2kfra8p0\python.exe 03_scripts\06_select_candidates.py
Selector: complete
[exit 0]

[suite-complete] {"suite_id": "LP_1091C22C41B7_HEAVE_20260706T135310Z0000_20260706T135329Z0000", "candidate_id": "LP_1091C22C41B7_HEAVE_20260706T135310Z0000", "dofs": ["FD_SURGE", "FD_SWAY", "FD_HEAVE", "FD_ROLL", "FD_PITCH", "FD_YAW"], "status": "SUCCESS", "updated": "2026-07-06T14:37:12+00:00", "failures": [], "log_path": "08_logs/sixdof_runner_LP_1091C22C41B7_HEAVE_20260706T135310Z0000_LP_1091C22C41B7_HEAVE_20260706T135310Z0000_20260706T135329Z0000.log", "suite_status_path": "08_logs/sixdof_runner_LP_1091C22C41B7_HEAVE_20260706T135310Z0000_LP_1091C22C41B7_HEAVE_20260706T135310Z0000_20260706T135329Z0000.status.json"}
