
$ C:\Users\hunmi\AppData\Local\Microsoft\WindowsApps\PythonSoftwareFoundation.Python.3.11_qbz5n2kfra8p0\python.exe 03_scripts\04_run_executor.py --candidate HEAVE095_CMP_0612135839 --dof FD_SURGE
Candidate not found: HEAVE095_CMP_0612135839
[exit 1]

$ C:\Users\hunmi\AppData\Local\Microsoft\WindowsApps\PythonSoftwareFoundation.Python.3.11_qbz5n2kfra8p0\python.exe 03_scripts\04_run_executor.py --candidate HEAVE095_CMP_0612135839 --dof FD_SWAY
Candidate not found: HEAVE095_CMP_0612135839
[exit 1]

$ C:\Users\hunmi\AppData\Local\Microsoft\WindowsApps\PythonSoftwareFoundation.Python.3.11_qbz5n2kfra8p0\python.exe 03_scripts\04_run_executor.py --candidate HEAVE095_CMP_0612135839 --dof FD_HEAVE
Candidate not found: HEAVE095_CMP_0612135839
[exit 1]

$ C:\Users\hunmi\AppData\Local\Microsoft\WindowsApps\PythonSoftwareFoundation.Python.3.11_qbz5n2kfra8p0\python.exe 03_scripts\04_run_executor.py --candidate HEAVE095_CMP_0612135839 --dof FD_ROLL
Candidate not found: HEAVE095_CMP_0612135839
[exit 1]

$ C:\Users\hunmi\AppData\Local\Microsoft\WindowsApps\PythonSoftwareFoundation.Python.3.11_qbz5n2kfra8p0\python.exe 03_scripts\04_run_executor.py --candidate HEAVE095_CMP_0612135839 --dof FD_PITCH
Candidate not found: HEAVE095_CMP_0612135839
[exit 1]

$ C:\Users\hunmi\AppData\Local\Microsoft\WindowsApps\PythonSoftwareFoundation.Python.3.11_qbz5n2kfra8p0\python.exe 03_scripts\04_run_executor.py --candidate HEAVE095_CMP_0612135839 --dof FD_YAW
Candidate not found: HEAVE095_CMP_0612135839
[exit 1]

$ C:\Users\hunmi\AppData\Local\Microsoft\WindowsApps\PythonSoftwareFoundation.Python.3.11_qbz5n2kfra8p0\python.exe 03_scripts\06_select_candidates.py
Selector: complete
[exit 0]

$ C:\Users\hunmi\AppData\Local\Microsoft\WindowsApps\PythonSoftwareFoundation.Python.3.11_qbz5n2kfra8p0\python.exe 03_scripts\04_run_executor.py --candidate HEAVE095_CMP_0612135839 --dof FD_SURGE
Run Executor: SUCCESS RUN_0002_FD_SURGE_HEAVE095_CMP_0612135839
[exit 0]

$ C:\Users\hunmi\AppData\Local\Microsoft\WindowsApps\PythonSoftwareFoundation.Python.3.11_qbz5n2kfra8p0\python.exe 03_scripts\05_evaluate_metrics.py --candidate HEAVE095_CMP_0612135839 --dof FD_SURGE
Metric Evaluator: PASS
[exit 0]

$ C:\Users\hunmi\AppData\Local\Microsoft\WindowsApps\PythonSoftwareFoundation.Python.3.11_qbz5n2kfra8p0\python.exe 03_scripts\04_run_executor.py --candidate HEAVE095_CMP_0612135839 --dof FD_SWAY
Run Executor: SUCCESS RUN_0001_FD_SWAY_HEAVE095_CMP_0612135839
[exit 0]

$ C:\Users\hunmi\AppData\Local\Microsoft\WindowsApps\PythonSoftwareFoundation.Python.3.11_qbz5n2kfra8p0\python.exe 03_scripts\05_evaluate_metrics.py --candidate HEAVE095_CMP_0612135839 --dof FD_SWAY
Metric Evaluator: PASS
[exit 0]

$ C:\Users\hunmi\AppData\Local\Microsoft\WindowsApps\PythonSoftwareFoundation.Python.3.11_qbz5n2kfra8p0\python.exe 03_scripts\04_run_executor.py --candidate HEAVE095_CMP_0612135839 --dof FD_HEAVE
Run Executor: SUCCESS RUN_0001_FD_HEAVE_HEAVE095_CMP_0612135839
[exit 0]

$ C:\Users\hunmi\AppData\Local\Microsoft\WindowsApps\PythonSoftwareFoundation.Python.3.11_qbz5n2kfra8p0\python.exe 03_scripts\05_evaluate_metrics.py --candidate HEAVE095_CMP_0612135839 --dof FD_HEAVE
Metric Evaluator: PASS
[exit 0]

$ C:\Users\hunmi\AppData\Local\Microsoft\WindowsApps\PythonSoftwareFoundation.Python.3.11_qbz5n2kfra8p0\python.exe 03_scripts\04_run_executor.py --candidate HEAVE095_CMP_0612135839 --dof FD_ROLL
Run Executor: SUCCESS RUN_0001_FD_ROLL_HEAVE095_CMP_0612135839
[exit 0]

$ C:\Users\hunmi\AppData\Local\Microsoft\WindowsApps\PythonSoftwareFoundation.Python.3.11_qbz5n2kfra8p0\python.exe 03_scripts\05_evaluate_metrics.py --candidate HEAVE095_CMP_0612135839 --dof FD_ROLL
Metric Evaluator: PASS
[exit 0]

$ C:\Users\hunmi\AppData\Local\Microsoft\WindowsApps\PythonSoftwareFoundation.Python.3.11_qbz5n2kfra8p0\python.exe 03_scripts\04_run_executor.py --candidate HEAVE095_CMP_0612135839 --dof FD_PITCH
Run Executor: SUCCESS RUN_0001_FD_PITCH_HEAVE095_CMP_0612135839
[exit 0]

$ C:\Users\hunmi\AppData\Local\Microsoft\WindowsApps\PythonSoftwareFoundation.Python.3.11_qbz5n2kfra8p0\python.exe 03_scripts\05_evaluate_metrics.py --candidate HEAVE095_CMP_0612135839 --dof FD_PITCH
Metric Evaluator: PASS
[exit 0]

$ C:\Users\hunmi\AppData\Local\Microsoft\WindowsApps\PythonSoftwareFoundation.Python.3.11_qbz5n2kfra8p0\python.exe 03_scripts\04_run_executor.py --candidate HEAVE095_CMP_0612135839 --dof FD_YAW
Run Executor: SUCCESS RUN_0001_FD_YAW_HEAVE095_CMP_0612135839
[exit 0]

$ C:\Users\hunmi\AppData\Local\Microsoft\WindowsApps\PythonSoftwareFoundation.Python.3.11_qbz5n2kfra8p0\python.exe 03_scripts\05_evaluate_metrics.py --candidate HEAVE095_CMP_0612135839 --dof FD_YAW
Metric Evaluator: PASS
[exit 0]

$ C:\Users\hunmi\AppData\Local\Microsoft\WindowsApps\PythonSoftwareFoundation.Python.3.11_qbz5n2kfra8p0\python.exe 03_scripts\06_select_candidates.py
Selector: complete
[exit 0]
