
$ C:\Users\hunmi\AppData\Local\Microsoft\WindowsApps\PythonSoftwareFoundation.Python.3.11_qbz5n2kfra8p0\python.exe 03_scripts\04_run_executor.py --candidate IMP_SURGE_MEA0787_112112 --dof FD_SURGE
Traceback (most recent call last):
  File "D:\OpenFast\FOCAL_C4_physics_workflow\03_scripts\04_run_executor.py", line 398, in <module>
    raise SystemExit(main())
                     ^^^^^^
  File "D:\OpenFast\FOCAL_C4_physics_workflow\03_scripts\04_run_executor.py", line 298, in main
    materialize_notes = _materialize_vector(fst_file, vector)
                        ^^^^^^^^^^^^^^^^^^^^^^^^^^^^^^^^^^^^^
  File "D:\OpenFast\FOCAL_C4_physics_workflow\03_scripts\04_run_executor.py", line 233, in _materialize_vector
    _scale_md_col(lines, "LINE TYPES", 3, float(moor["EA_scale"]))
  File "D:\OpenFast\FOCAL_C4_physics_workflow\03_scripts\04_run_executor.py", line 176, in _scale_md_col
    for i in _md_rows(lines, _md_header(lines, section)):
                             ^^^^^^^^^^^^^^^^^^^^^^^^^^
  File "D:\OpenFast\FOCAL_C4_physics_workflow\03_scripts\04_run_executor.py", line 162, in _md_header
    raise ValueError(f"MoorDyn section not found: {keyword}")
ValueError: MoorDyn section not found: LINE TYPES
[exit 1]

$ C:\Users\hunmi\AppData\Local\Microsoft\WindowsApps\PythonSoftwareFoundation.Python.3.11_qbz5n2kfra8p0\python.exe 03_scripts\06_select_candidates.py
Selector: complete
[exit 0]

$ C:\Users\hunmi\AppData\Local\Microsoft\WindowsApps\PythonSoftwareFoundation.Python.3.11_qbz5n2kfra8p0\python.exe 03_scripts\04_run_executor.py --candidate IMP_SURGE_MEA0787_112112 --dof FD_SURGE
Run Executor: SUCCESS RUN_0003_FD_SURGE_IMP_SURGE_MEA0787_112112
[exit 0]

$ C:\Users\hunmi\AppData\Local\Microsoft\WindowsApps\PythonSoftwareFoundation.Python.3.11_qbz5n2kfra8p0\python.exe 03_scripts\05_evaluate_metrics.py --candidate IMP_SURGE_MEA0787_112112 --dof FD_SURGE
Metric Evaluator: PASS
[exit 0]

$ C:\Users\hunmi\AppData\Local\Microsoft\WindowsApps\PythonSoftwareFoundation.Python.3.11_qbz5n2kfra8p0\python.exe 03_scripts\06_select_candidates.py
Selector: complete
[exit 0]
