
$ C:\Users\hunmi\AppData\Local\Microsoft\WindowsApps\PythonSoftwareFoundation.Python.3.11_qbz5n2kfra8p0\python.exe 03_scripts\04_run_executor.py --candidate HEAVE095_ROLL090_CMP_0612144710 --dof FD_SURGE
Run Executor: SUCCESS RUN_0001_FD_SURGE_HEAVE095_ROLL090_CMP_0612144710
[exit 0]

$ C:\Users\hunmi\AppData\Local\Microsoft\WindowsApps\PythonSoftwareFoundation.Python.3.11_qbz5n2kfra8p0\python.exe 03_scripts\05_evaluate_metrics.py --candidate HEAVE095_ROLL090_CMP_0612144710 --dof FD_SURGE
Metric Evaluator: PASS
[exit 0]

$ C:\Users\hunmi\AppData\Local\Microsoft\WindowsApps\PythonSoftwareFoundation.Python.3.11_qbz5n2kfra8p0\python.exe 03_scripts\04_run_executor.py --candidate HEAVE095_ROLL090_CMP_0612144710 --dof FD_SWAY
Run Executor: FAILED RUN_0001_FD_SWAY_HEAVE095_ROLL090_CMP_0612144710
[exit 2]

$ C:\Users\hunmi\AppData\Local\Microsoft\WindowsApps\PythonSoftwareFoundation.Python.3.11_qbz5n2kfra8p0\python.exe 03_scripts\04_run_executor.py --candidate HEAVE095_ROLL090_CMP_0612144710 --dof FD_HEAVE
Run Executor: FAILED RUN_0001_FD_HEAVE_HEAVE095_ROLL090_CMP_0612144710
[exit 2]

$ C:\Users\hunmi\AppData\Local\Microsoft\WindowsApps\PythonSoftwareFoundation.Python.3.11_qbz5n2kfra8p0\python.exe 03_scripts\04_run_executor.py --candidate HEAVE095_ROLL090_CMP_0612144710 --dof FD_ROLL
Run Executor: FAILED RUN_0001_FD_ROLL_HEAVE095_ROLL090_CMP_0612144710
[exit 2]

$ C:\Users\hunmi\AppData\Local\Microsoft\WindowsApps\PythonSoftwareFoundation.Python.3.11_qbz5n2kfra8p0\python.exe 03_scripts\04_run_executor.py --candidate HEAVE095_ROLL090_CMP_0612144710 --dof FD_PITCH
Run Executor: FAILED RUN_0001_FD_PITCH_HEAVE095_ROLL090_CMP_0612144710
[exit 2]

$ C:\Users\hunmi\AppData\Local\Microsoft\WindowsApps\PythonSoftwareFoundation.Python.3.11_qbz5n2kfra8p0\python.exe 03_scripts\04_run_executor.py --candidate HEAVE095_ROLL090_CMP_0612144710 --dof FD_YAW
Run Executor: FAILED RUN_0001_FD_YAW_HEAVE095_ROLL090_CMP_0612144710
[exit 2]

$ C:\Users\hunmi\AppData\Local\Microsoft\WindowsApps\PythonSoftwareFoundation.Python.3.11_qbz5n2kfra8p0\python.exe 03_scripts\06_select_candidates.py
Selector: complete
[exit 0]

$ C:\Users\hunmi\AppData\Local\Microsoft\WindowsApps\PythonSoftwareFoundation.Python.3.11_qbz5n2kfra8p0\python.exe 03_scripts\04_run_executor.py --candidate HEAVE095_ROLL090_CMP_0612144710 --dof FD_SURGE
Run Executor: SUCCESS RUN_0003_FD_SURGE_HEAVE095_ROLL090_CMP_0612144710
[exit 0]

$ C:\Users\hunmi\AppData\Local\Microsoft\WindowsApps\PythonSoftwareFoundation.Python.3.11_qbz5n2kfra8p0\python.exe 03_scripts\05_evaluate_metrics.py --candidate HEAVE095_ROLL090_CMP_0612144710 --dof FD_SURGE
Metric Evaluator: PASS
[exit 0]

$ C:\Users\hunmi\AppData\Local\Microsoft\WindowsApps\PythonSoftwareFoundation.Python.3.11_qbz5n2kfra8p0\python.exe 03_scripts\04_run_executor.py --candidate HEAVE095_ROLL090_CMP_0612144710 --dof FD_SWAY
Run Executor: SUCCESS RUN_0003_FD_SWAY_HEAVE095_ROLL090_CMP_0612144710
[exit 0]

$ C:\Users\hunmi\AppData\Local\Microsoft\WindowsApps\PythonSoftwareFoundation.Python.3.11_qbz5n2kfra8p0\python.exe 03_scripts\05_evaluate_metrics.py --candidate HEAVE095_ROLL090_CMP_0612144710 --dof FD_SWAY
Metric Evaluator: PASS
[exit 0]

$ C:\Users\hunmi\AppData\Local\Microsoft\WindowsApps\PythonSoftwareFoundation.Python.3.11_qbz5n2kfra8p0\python.exe 03_scripts\04_run_executor.py --candidate HEAVE095_ROLL090_CMP_0612144710 --dof FD_HEAVE
Run Executor: SUCCESS RUN_0003_FD_HEAVE_HEAVE095_ROLL090_CMP_0612144710
[exit 0]

$ C:\Users\hunmi\AppData\Local\Microsoft\WindowsApps\PythonSoftwareFoundation.Python.3.11_qbz5n2kfra8p0\python.exe 03_scripts\05_evaluate_metrics.py --candidate HEAVE095_ROLL090_CMP_0612144710 --dof FD_HEAVE
Metric Evaluator: PASS
[exit 0]

$ C:\Users\hunmi\AppData\Local\Microsoft\WindowsApps\PythonSoftwareFoundation.Python.3.11_qbz5n2kfra8p0\python.exe 03_scripts\04_run_executor.py --candidate HEAVE095_ROLL090_CMP_0612144710 --dof FD_ROLL
Run Executor: SUCCESS RUN_0003_FD_ROLL_HEAVE095_ROLL090_CMP_0612144710
[exit 0]

$ C:\Users\hunmi\AppData\Local\Microsoft\WindowsApps\PythonSoftwareFoundation.Python.3.11_qbz5n2kfra8p0\python.exe 03_scripts\05_evaluate_metrics.py --candidate HEAVE095_ROLL090_CMP_0612144710 --dof FD_ROLL
Metric Evaluator: PASS
[exit 0]

$ C:\Users\hunmi\AppData\Local\Microsoft\WindowsApps\PythonSoftwareFoundation.Python.3.11_qbz5n2kfra8p0\python.exe 03_scripts\04_run_executor.py --candidate HEAVE095_ROLL090_CMP_0612144710 --dof FD_PITCH
Run Executor: SUCCESS RUN_0003_FD_PITCH_HEAVE095_ROLL090_CMP_0612144710
[exit 0]

$ C:\Users\hunmi\AppData\Local\Microsoft\WindowsApps\PythonSoftwareFoundation.Python.3.11_qbz5n2kfra8p0\python.exe 03_scripts\05_evaluate_metrics.py --candidate HEAVE095_ROLL090_CMP_0612144710 --dof FD_PITCH
Metric Evaluator: PASS
[exit 0]

$ C:\Users\hunmi\AppData\Local\Microsoft\WindowsApps\PythonSoftwareFoundation.Python.3.11_qbz5n2kfra8p0\python.exe 03_scripts\04_run_executor.py --candidate HEAVE095_ROLL090_CMP_0612144710 --dof FD_YAW
Run Executor: SUCCESS RUN_0003_FD_YAW_HEAVE095_ROLL090_CMP_0612144710
[exit 0]

$ C:\Users\hunmi\AppData\Local\Microsoft\WindowsApps\PythonSoftwareFoundation.Python.3.11_qbz5n2kfra8p0\python.exe 03_scripts\05_evaluate_metrics.py --candidate HEAVE095_ROLL090_CMP_0612144710 --dof FD_YAW
Metric Evaluator: PASS
[exit 0]

$ C:\Users\hunmi\AppData\Local\Microsoft\WindowsApps\PythonSoftwareFoundation.Python.3.11_qbz5n2kfra8p0\python.exe 03_scripts\06_select_candidates.py
Selector: complete
[exit 0]

$ C:\Users\hunmi\AppData\Local\Microsoft\WindowsApps\PythonSoftwareFoundation.Python.3.11_qbz5n2kfra8p0\python.exe 03_scripts\04_run_executor.py --candidate HEAVE095_ROLL090_CMP_0612144710 --dof FD_SURGE
Run Executor: SUCCESS RUN_0004_FD_SURGE_HEAVE095_ROLL090_CMP_0612144710
[exit 0]

$ C:\Users\hunmi\AppData\Local\Microsoft\WindowsApps\PythonSoftwareFoundation.Python.3.11_qbz5n2kfra8p0\python.exe 03_scripts\05_evaluate_metrics.py --candidate HEAVE095_ROLL090_CMP_0612144710 --dof FD_SURGE
Metric Evaluator: PASS
[exit 0]

$ C:\Users\hunmi\AppData\Local\Microsoft\WindowsApps\PythonSoftwareFoundation.Python.3.11_qbz5n2kfra8p0\python.exe 03_scripts\04_run_executor.py --candidate HEAVE095_ROLL090_CMP_0612144710 --dof FD_SWAY
Run Executor: SUCCESS RUN_0004_FD_SWAY_HEAVE095_ROLL090_CMP_0612144710
[exit 0]

$ C:\Users\hunmi\AppData\Local\Microsoft\WindowsApps\PythonSoftwareFoundation.Python.3.11_qbz5n2kfra8p0\python.exe 03_scripts\05_evaluate_metrics.py --candidate HEAVE095_ROLL090_CMP_0612144710 --dof FD_SWAY
Metric Evaluator: PASS
[exit 0]

$ C:\Users\hunmi\AppData\Local\Microsoft\WindowsApps\PythonSoftwareFoundation.Python.3.11_qbz5n2kfra8p0\python.exe 03_scripts\04_run_executor.py --candidate HEAVE095_ROLL090_CMP_0612144710 --dof FD_HEAVE
Run Executor: SUCCESS RUN_0004_FD_HEAVE_HEAVE095_ROLL090_CMP_0612144710
[exit 0]

$ C:\Users\hunmi\AppData\Local\Microsoft\WindowsApps\PythonSoftwareFoundation.Python.3.11_qbz5n2kfra8p0\python.exe 03_scripts\05_evaluate_metrics.py --candidate HEAVE095_ROLL090_CMP_0612144710 --dof FD_HEAVE
Metric Evaluator: PASS
[exit 0]

$ C:\Users\hunmi\AppData\Local\Microsoft\WindowsApps\PythonSoftwareFoundation.Python.3.11_qbz5n2kfra8p0\python.exe 03_scripts\04_run_executor.py --candidate HEAVE095_ROLL090_CMP_0612144710 --dof FD_ROLL
Run Executor: SUCCESS RUN_0004_FD_ROLL_HEAVE095_ROLL090_CMP_0612144710
[exit 0]

$ C:\Users\hunmi\AppData\Local\Microsoft\WindowsApps\PythonSoftwareFoundation.Python.3.11_qbz5n2kfra8p0\python.exe 03_scripts\05_evaluate_metrics.py --candidate HEAVE095_ROLL090_CMP_0612144710 --dof FD_ROLL
Metric Evaluator: PASS
[exit 0]

$ C:\Users\hunmi\AppData\Local\Microsoft\WindowsApps\PythonSoftwareFoundation.Python.3.11_qbz5n2kfra8p0\python.exe 03_scripts\04_run_executor.py --candidate HEAVE095_ROLL090_CMP_0612144710 --dof FD_PITCH
Run Executor: SUCCESS RUN_0004_FD_PITCH_HEAVE095_ROLL090_CMP_0612144710
[exit 0]

$ C:\Users\hunmi\AppData\Local\Microsoft\WindowsApps\PythonSoftwareFoundation.Python.3.11_qbz5n2kfra8p0\python.exe 03_scripts\05_evaluate_metrics.py --candidate HEAVE095_ROLL090_CMP_0612144710 --dof FD_PITCH
Metric Evaluator: PASS
[exit 0]

$ C:\Users\hunmi\AppData\Local\Microsoft\WindowsApps\PythonSoftwareFoundation.Python.3.11_qbz5n2kfra8p0\python.exe 03_scripts\04_run_executor.py --candidate HEAVE095_ROLL090_CMP_0612144710 --dof FD_YAW
Run Executor: SUCCESS RUN_0004_FD_YAW_HEAVE095_ROLL090_CMP_0612144710
[exit 0]

$ C:\Users\hunmi\AppData\Local\Microsoft\WindowsApps\PythonSoftwareFoundation.Python.3.11_qbz5n2kfra8p0\python.exe 03_scripts\05_evaluate_metrics.py --candidate HEAVE095_ROLL090_CMP_0612144710 --dof FD_YAW
Metric Evaluator: PASS
[exit 0]

$ C:\Users\hunmi\AppData\Local\Microsoft\WindowsApps\PythonSoftwareFoundation.Python.3.11_qbz5n2kfra8p0\python.exe 03_scripts\06_select_candidates.py
Selector: complete
[exit 0]

$ C:\Users\hunmi\AppData\Local\Microsoft\WindowsApps\PythonSoftwareFoundation.Python.3.11_qbz5n2kfra8p0\python.exe 03_scripts\04_run_executor.py --candidate HEAVE095_ROLL090_CMP_0612144710 --dof FD_SURGE
Run Executor: SUCCESS RUN_0005_FD_SURGE_HEAVE095_ROLL090_CMP_0612144710
[exit 0]

$ C:\Users\hunmi\AppData\Local\Microsoft\WindowsApps\PythonSoftwareFoundation.Python.3.11_qbz5n2kfra8p0\python.exe 03_scripts\05_evaluate_metrics.py --candidate HEAVE095_ROLL090_CMP_0612144710 --dof FD_SURGE
Metric Evaluator: PASS
[exit 0]

$ C:\Users\hunmi\AppData\Local\Microsoft\WindowsApps\PythonSoftwareFoundation.Python.3.11_qbz5n2kfra8p0\python.exe 03_scripts\04_run_executor.py --candidate HEAVE095_ROLL090_CMP_0612144710 --dof FD_SWAY
Run Executor: SUCCESS RUN_0005_FD_SWAY_HEAVE095_ROLL090_CMP_0612144710
[exit 0]

$ C:\Users\hunmi\AppData\Local\Microsoft\WindowsApps\PythonSoftwareFoundation.Python.3.11_qbz5n2kfra8p0\python.exe 03_scripts\05_evaluate_metrics.py --candidate HEAVE095_ROLL090_CMP_0612144710 --dof FD_SWAY
Metric Evaluator: PASS
[exit 0]

$ C:\Users\hunmi\AppData\Local\Microsoft\WindowsApps\PythonSoftwareFoundation.Python.3.11_qbz5n2kfra8p0\python.exe 03_scripts\04_run_executor.py --candidate HEAVE095_ROLL090_CMP_0612144710 --dof FD_HEAVE
Run Executor: SUCCESS RUN_0005_FD_HEAVE_HEAVE095_ROLL090_CMP_0612144710
[exit 0]

$ C:\Users\hunmi\AppData\Local\Microsoft\WindowsApps\PythonSoftwareFoundation.Python.3.11_qbz5n2kfra8p0\python.exe 03_scripts\05_evaluate_metrics.py --candidate HEAVE095_ROLL090_CMP_0612144710 --dof FD_HEAVE
Metric Evaluator: PASS
[exit 0]

$ C:\Users\hunmi\AppData\Local\Microsoft\WindowsApps\PythonSoftwareFoundation.Python.3.11_qbz5n2kfra8p0\python.exe 03_scripts\04_run_executor.py --candidate HEAVE095_ROLL090_CMP_0612144710 --dof FD_ROLL
Run Executor: SUCCESS RUN_0005_FD_ROLL_HEAVE095_ROLL090_CMP_0612144710
[exit 0]

$ C:\Users\hunmi\AppData\Local\Microsoft\WindowsApps\PythonSoftwareFoundation.Python.3.11_qbz5n2kfra8p0\python.exe 03_scripts\05_evaluate_metrics.py --candidate HEAVE095_ROLL090_CMP_0612144710 --dof FD_ROLL
Metric Evaluator: PASS
[exit 0]

$ C:\Users\hunmi\AppData\Local\Microsoft\WindowsApps\PythonSoftwareFoundation.Python.3.11_qbz5n2kfra8p0\python.exe 03_scripts\04_run_executor.py --candidate HEAVE095_ROLL090_CMP_0612144710 --dof FD_PITCH
Run Executor: SUCCESS RUN_0005_FD_PITCH_HEAVE095_ROLL090_CMP_0612144710
[exit 0]

$ C:\Users\hunmi\AppData\Local\Microsoft\WindowsApps\PythonSoftwareFoundation.Python.3.11_qbz5n2kfra8p0\python.exe 03_scripts\05_evaluate_metrics.py --candidate HEAVE095_ROLL090_CMP_0612144710 --dof FD_PITCH
Metric Evaluator: PASS
[exit 0]

$ C:\Users\hunmi\AppData\Local\Microsoft\WindowsApps\PythonSoftwareFoundation.Python.3.11_qbz5n2kfra8p0\python.exe 03_scripts\04_run_executor.py --candidate HEAVE095_ROLL090_CMP_0612144710 --dof FD_YAW
Run Executor: SUCCESS RUN_0005_FD_YAW_HEAVE095_ROLL090_CMP_0612144710
[exit 0]

$ C:\Users\hunmi\AppData\Local\Microsoft\WindowsApps\PythonSoftwareFoundation.Python.3.11_qbz5n2kfra8p0\python.exe 03_scripts\05_evaluate_metrics.py --candidate HEAVE095_ROLL090_CMP_0612144710 --dof FD_YAW
Metric Evaluator: PASS
[exit 0]

$ C:\Users\hunmi\AppData\Local\Microsoft\WindowsApps\PythonSoftwareFoundation.Python.3.11_qbz5n2kfra8p0\python.exe 03_scripts\06_select_candidates.py
Selector: complete
[exit 0]
