
$ C:\Users\hunmi\AppData\Local\Microsoft\WindowsApps\PythonSoftwareFoundation.Python.3.11_qbz5n2kfra8p0\python.exe 03_scripts\04_run_executor.py --candidate HEAVE095_ROLL090_CMP_0612144710 --dof FD_SURGE
[suite-heartbeat] suite=HEAVE095_ROLL090_CMP_0612144710_20260706T062517Z0000 dof=FD_SURGE phase=executor elapsed=29.0s child_status=RUNNING child_run=RUN_0001_FD_SURGE_SURGE_AF0_N190K_IC178_T600_0706
[suite-heartbeat] suite=HEAVE095_ROLL090_CMP_0612144710_20260706T062517Z0000 dof=FD_SURGE phase=executor elapsed=59.0s child_status=RUNNING child_run=RUN_0001_FD_SURGE_SURGE_AF0_N190K_IC178_T600_0706
[suite-heartbeat] suite=HEAVE095_ROLL090_CMP_0612144710_20260706T062517Z0000 dof=FD_SURGE phase=executor elapsed=89.1s child_status=RUNNING child_run=RUN_0001_FD_SURGE_SURGE_AF0_N190K_IC178_T600_0706
[suite-heartbeat] suite=HEAVE095_ROLL090_CMP_0612144710_20260706T062517Z0000 dof=FD_SURGE phase=executor elapsed=119.1s child_status=RUNNING child_run=RUN_0001_FD_SURGE_SURGE_AF0_N190K_IC178_T600_0706
[suite-heartbeat] suite=HEAVE095_ROLL090_CMP_0612144710_20260706T062517Z0000 dof=FD_SURGE phase=executor elapsed=149.1s child_status=RUNNING child_run=RUN_0001_FD_SURGE_SURGE_AF0_N190K_IC178_T600_0706
[suite-heartbeat] suite=HEAVE095_ROLL090_CMP_0612144710_20260706T062517Z0000 dof=FD_SURGE phase=executor elapsed=179.1s child_status=RUNNING child_run=RUN_0001_FD_SURGE_SURGE_AF0_N190K_IC178_T600_0706
[suite-heartbeat] suite=HEAVE095_ROLL090_CMP_0612144710_20260706T062517Z0000 dof=FD_SURGE phase=executor elapsed=209.1s child_status=RUNNING child_run=RUN_0001_FD_SURGE_SURGE_AF0_N190K_IC178_T600_0706
[suite-heartbeat] suite=HEAVE095_ROLL090_CMP_0612144710_20260706T062517Z0000 dof=FD_SURGE phase=executor elapsed=239.2s child_status=RUNNING child_run=RUN_0001_FD_SURGE_SURGE_AF0_N190K_IC178_T600_0706
[suite-heartbeat] suite=HEAVE095_ROLL090_CMP_0612144710_20260706T062517Z0000 dof=FD_SURGE phase=executor elapsed=269.2s child_status=SUCCESS child_run=RUN_0001_FD_SURGE_SURGE_AF0_N190K_IC178_T600_0706
[suite-heartbeat] suite=HEAVE095_ROLL090_CMP_0612144710_20260706T062517Z0000 dof=FD_SURGE phase=executor elapsed=299.2s child_status=RUNNING child_run=RUN_0006_FD_SURGE_HEAVE095_ROLL090_CMP_0612144710
[suite-heartbeat] suite=HEAVE095_ROLL090_CMP_0612144710_20260706T062517Z0000 dof=FD_SURGE phase=executor elapsed=329.2s child_status=RUNNING child_run=RUN_0006_FD_SURGE_HEAVE095_ROLL090_CMP_0612144710
[suite-heartbeat] suite=HEAVE095_ROLL090_CMP_0612144710_20260706T062517Z0000 dof=FD_SURGE phase=executor elapsed=359.2s child_status=RUNNING child_run=RUN_0006_FD_SURGE_HEAVE095_ROLL090_CMP_0612144710
[suite-heartbeat] suite=HEAVE095_ROLL090_CMP_0612144710_20260706T062517Z0000 dof=FD_SURGE phase=executor elapsed=389.3s child_status=RUNNING child_run=RUN_0006_FD_SURGE_HEAVE095_ROLL090_CMP_0612144710
[suite-heartbeat] suite=HEAVE095_ROLL090_CMP_0612144710_20260706T062517Z0000 dof=FD_SURGE phase=executor elapsed=419.3s child_status=RUNNING child_run=RUN_0006_FD_SURGE_HEAVE095_ROLL090_CMP_0612144710
[suite-heartbeat] suite=HEAVE095_ROLL090_CMP_0612144710_20260706T062517Z0000 dof=FD_SURGE phase=executor elapsed=449.3s child_status=WAITING_FOR_RESOURCE_LOCK child_run=RUN_0001_FD_SURGE_SURGE_AF0_N190K_IC178_M105_T600_0706
[suite-heartbeat] suite=HEAVE095_ROLL090_CMP_0612144710_20260706T062517Z0000 dof=FD_SURGE phase=executor elapsed=479.3s child_status=WAITING_FOR_RESOURCE_LOCK child_run=RUN_0002_FD_SURGE_SURGE_AF0_N190K_IC178_M105_T600_0706
[suite-heartbeat] suite=HEAVE095_ROLL090_CMP_0612144710_20260706T062517Z0000 dof=FD_SURGE phase=executor elapsed=509.3s child_status=WAITING_FOR_RESOURCE_LOCK child_run=RUN_0002_FD_SURGE_SURGE_AF0_N190K_IC178_M105_T600_0706
[suite-heartbeat] suite=HEAVE095_ROLL090_CMP_0612144710_20260706T062517Z0000 dof=FD_SURGE phase=executor elapsed=539.4s child_status=WAITING_FOR_RESOURCE_LOCK child_run=RUN_0002_FD_SURGE_SURGE_AF0_N190K_IC178_M105_T600_0706
[suite-heartbeat] suite=HEAVE095_ROLL090_CMP_0612144710_20260706T062517Z0000 dof=FD_SURGE phase=executor elapsed=569.4s child_status=WAITING_FOR_RESOURCE_LOCK child_run=RUN_0002_FD_SURGE_SURGE_AF0_N190K_IC178_M105_T600_0706
[suite-heartbeat] suite=HEAVE095_ROLL090_CMP_0612144710_20260706T062517Z0000 dof=FD_SURGE phase=executor elapsed=599.4s child_status=WAITING_FOR_RESOURCE_LOCK child_run=RUN_0002_FD_SURGE_SURGE_AF0_N190K_IC178_M105_T600_0706
[suite-heartbeat] suite=HEAVE095_ROLL090_CMP_0612144710_20260706T062517Z0000 dof=FD_SURGE phase=executor elapsed=629.4s child_status=WAITING_FOR_RESOURCE_LOCK child_run=RUN_0002_FD_SURGE_SURGE_AF0_N190K_IC178_M105_T600_0706
[suite-heartbeat] suite=HEAVE095_ROLL090_CMP_0612144710_20260706T062517Z0000 dof=FD_SURGE phase=executor elapsed=659.4s child_status=WAITING_FOR_RESOURCE_LOCK child_run=RUN_0002_FD_SURGE_SURGE_AF0_N190K_IC178_M105_T600_0706
[suite-heartbeat] suite=HEAVE095_ROLL090_CMP_0612144710_20260706T062517Z0000 dof=FD_SURGE phase=executor elapsed=689.5s child_status=WAITING_FOR_RESOURCE_LOCK child_run=RUN_0002_FD_SURGE_SURGE_AF0_N190K_IC178_M105_T600_0706
Run Executor: SUCCESS RUN_0006_FD_SURGE_HEAVE095_ROLL090_CMP_0612144710
[exit 0]

$ C:\Users\hunmi\AppData\Local\Microsoft\WindowsApps\PythonSoftwareFoundation.Python.3.11_qbz5n2kfra8p0\python.exe 03_scripts\05_evaluate_metrics.py --candidate HEAVE095_ROLL090_CMP_0612144710 --dof FD_SURGE
Metric Evaluator: PASS
[exit 0]

$ C:\Users\hunmi\AppData\Local\Microsoft\WindowsApps\PythonSoftwareFoundation.Python.3.11_qbz5n2kfra8p0\python.exe 03_scripts\04_run_executor.py --candidate HEAVE095_ROLL090_CMP_0612144710 --dof FD_SWAY
[suite-heartbeat] suite=HEAVE095_ROLL090_CMP_0612144710_20260706T062517Z0000 dof=FD_SWAY phase=executor elapsed=29.0s child_status=WAITING_FOR_RESOURCE_LOCK child_run=RUN_0004_FD_SURGE_SURGE_AF0_N190K_IC178_M105_T600_0706
[suite-heartbeat] suite=HEAVE095_ROLL090_CMP_0612144710_20260706T062517Z0000 dof=FD_SWAY phase=executor elapsed=59.0s child_status=RUNNING child_run=RUN_0006_FD_SWAY_HEAVE095_ROLL090_CMP_0612144710
[suite-heartbeat] suite=HEAVE095_ROLL090_CMP_0612144710_20260706T062517Z0000 dof=FD_SWAY phase=executor elapsed=89.0s child_status=RUNNING child_run=RUN_0006_FD_SWAY_HEAVE095_ROLL090_CMP_0612144710
[suite-heartbeat] suite=HEAVE095_ROLL090_CMP_0612144710_20260706T062517Z0000 dof=FD_SWAY phase=executor elapsed=119.1s child_status=RUNNING child_run=RUN_0006_FD_SWAY_HEAVE095_ROLL090_CMP_0612144710
[suite-heartbeat] suite=HEAVE095_ROLL090_CMP_0612144710_20260706T062517Z0000 dof=FD_SWAY phase=executor elapsed=149.1s child_status=WAITING_FOR_RESOURCE_LOCK child_run=RUN_0001_FD_SURGE_SURGE_AF0_N190K_IC178_M105B_T600_0706
[suite-heartbeat] suite=HEAVE095_ROLL090_CMP_0612144710_20260706T062517Z0000 dof=FD_SWAY phase=executor elapsed=179.1s child_status=WAITING_FOR_RESOURCE_LOCK child_run=RUN_0001_FD_SURGE_SURGE_AF0_N190K_IC178_M105B_T600_0706
[suite-heartbeat] suite=HEAVE095_ROLL090_CMP_0612144710_20260706T062517Z0000 dof=FD_SWAY phase=executor elapsed=209.1s child_status=WAITING_FOR_RESOURCE_LOCK child_run=RUN_0001_FD_SURGE_SURGE_AF0_N190K_IC178_M105B_T600_0706
[suite-heartbeat] suite=HEAVE095_ROLL090_CMP_0612144710_20260706T062517Z0000 dof=FD_SWAY phase=executor elapsed=239.2s child_status=WAITING_FOR_RESOURCE_LOCK child_run=RUN_0001_FD_SURGE_SURGE_AF0_N190K_IC178_M105B_T600_0706
[suite-heartbeat] suite=HEAVE095_ROLL090_CMP_0612144710_20260706T062517Z0000 dof=FD_SWAY phase=executor elapsed=269.2s child_status=WAITING_FOR_RESOURCE_LOCK child_run=RUN_0001_FD_SURGE_SURGE_AF0_N190K_IC178_M105B_T600_0706
[suite-heartbeat] suite=HEAVE095_ROLL090_CMP_0612144710_20260706T062517Z0000 dof=FD_SWAY phase=executor elapsed=299.2s child_status=WAITING_FOR_RESOURCE_LOCK child_run=RUN_0001_FD_SURGE_SURGE_AF0_N190K_IC178_M105B_T600_0706
[suite-heartbeat] suite=HEAVE095_ROLL090_CMP_0612144710_20260706T062517Z0000 dof=FD_SWAY phase=executor elapsed=329.2s child_status=WAITING_FOR_RESOURCE_LOCK child_run=RUN_0002_FD_SURGE_SURGE_AF0_N190K_IC178_M105B_T600_0706
[suite-heartbeat] suite=HEAVE095_ROLL090_CMP_0612144710_20260706T062517Z0000 dof=FD_SWAY phase=executor elapsed=359.2s child_status=WAITING_FOR_RESOURCE_LOCK child_run=RUN_0002_FD_SURGE_SURGE_AF0_N190K_IC178_M105B_T600_0706
[suite-heartbeat] suite=HEAVE095_ROLL090_CMP_0612144710_20260706T062517Z0000 dof=FD_SWAY phase=executor elapsed=389.3s child_status=WAITING_FOR_RESOURCE_LOCK child_run=RUN_0002_FD_SURGE_SURGE_AF0_N190K_IC178_M105B_T600_0706
[suite-heartbeat] suite=HEAVE095_ROLL090_CMP_0612144710_20260706T062517Z0000 dof=FD_SWAY phase=executor elapsed=419.3s child_status=WAITING_FOR_RESOURCE_LOCK child_run=RUN_0002_FD_SURGE_SURGE_AF0_N190K_IC178_M105B_T600_0706
[suite-heartbeat] suite=HEAVE095_ROLL090_CMP_0612144710_20260706T062517Z0000 dof=FD_SWAY phase=executor elapsed=449.3s child_status=WAITING_FOR_RESOURCE_LOCK child_run=RUN_0002_FD_SURGE_SURGE_AF0_N190K_IC178_M105B_T600_0706
[suite-heartbeat] suite=HEAVE095_ROLL090_CMP_0612144710_20260706T062517Z0000 dof=FD_SWAY phase=executor elapsed=479.3s child_status=WAITING_FOR_RESOURCE_LOCK child_run=RUN_0002_FD_SURGE_SURGE_AF0_N190K_IC178_M105B_T600_0706
[suite-heartbeat] suite=HEAVE095_ROLL090_CMP_0612144710_20260706T062517Z0000 dof=FD_SWAY phase=executor elapsed=509.3s child_status=WAITING_FOR_RESOURCE_LOCK child_run=RUN_0002_FD_SURGE_SURGE_AF0_N190K_IC178_M105B_T600_0706
[suite-heartbeat] suite=HEAVE095_ROLL090_CMP_0612144710_20260706T062517Z0000 dof=FD_SWAY phase=executor elapsed=539.3s child_status=WAITING_FOR_RESOURCE_LOCK child_run=RUN_0002_FD_SURGE_SURGE_AF0_N190K_IC178_M105B_T600_0706
[suite-heartbeat] suite=HEAVE095_ROLL090_CMP_0612144710_20260706T062517Z0000 dof=FD_SWAY phase=executor elapsed=569.4s child_status=WAITING_FOR_RESOURCE_LOCK child_run=RUN_0002_FD_SURGE_SURGE_AF0_N190K_IC178_M105B_T600_0706
[suite-heartbeat] suite=HEAVE095_ROLL090_CMP_0612144710_20260706T062517Z0000 dof=FD_SWAY phase=executor elapsed=599.4s child_status=WAITING_FOR_RESOURCE_LOCK child_run=RUN_0002_FD_SURGE_SURGE_AF0_N190K_IC178_M105B_T600_0706
[suite-heartbeat] suite=HEAVE095_ROLL090_CMP_0612144710_20260706T062517Z0000 dof=FD_SWAY phase=executor elapsed=629.4s child_status=WAITING_FOR_RESOURCE_LOCK child_run=RUN_0002_FD_SURGE_SURGE_AF0_N190K_IC178_M105B_T600_0706
[suite-heartbeat] suite=HEAVE095_ROLL090_CMP_0612144710_20260706T062517Z0000 dof=FD_SWAY phase=executor elapsed=659.4s child_status=WAITING_FOR_RESOURCE_LOCK child_run=RUN_0002_FD_SURGE_SURGE_AF0_N190K_IC178_M105B_T600_0706
[suite-heartbeat] suite=HEAVE095_ROLL090_CMP_0612144710_20260706T062517Z0000 dof=FD_SWAY phase=executor elapsed=689.4s child_status=WAITING_FOR_RESOURCE_LOCK child_run=RUN_0002_FD_SURGE_SURGE_AF0_N190K_IC178_M105B_T600_0706
[suite-heartbeat] suite=HEAVE095_ROLL090_CMP_0612144710_20260706T062517Z0000 dof=FD_SWAY phase=executor elapsed=719.5s child_status=WAITING_FOR_RESOURCE_LOCK child_run=RUN_0002_FD_SURGE_SURGE_AF0_N190K_IC178_M105B_T600_0706
[suite-heartbeat] suite=HEAVE095_ROLL090_CMP_0612144710_20260706T062517Z0000 dof=FD_SWAY phase=executor elapsed=749.5s child_status=WAITING_FOR_RESOURCE_LOCK child_run=RUN_0002_FD_SURGE_SURGE_AF0_N190K_IC178_M105B_T600_0706
[suite-heartbeat] suite=HEAVE095_ROLL090_CMP_0612144710_20260706T062517Z0000 dof=FD_SWAY phase=executor elapsed=779.5s child_status=WAITING_FOR_RESOURCE_LOCK child_run=RUN_0002_FD_SURGE_SURGE_AF0_N190K_IC178_M105B_T600_0706
Run Executor: SUCCESS RUN_0006_FD_SWAY_HEAVE095_ROLL090_CMP_0612144710
[exit 0]

$ C:\Users\hunmi\AppData\Local\Microsoft\WindowsApps\PythonSoftwareFoundation.Python.3.11_qbz5n2kfra8p0\python.exe 03_scripts\05_evaluate_metrics.py --candidate HEAVE095_ROLL090_CMP_0612144710 --dof FD_SWAY
Metric Evaluator: PASS
[exit 0]

$ C:\Users\hunmi\AppData\Local\Microsoft\WindowsApps\PythonSoftwareFoundation.Python.3.11_qbz5n2kfra8p0\python.exe 03_scripts\04_run_executor.py --candidate HEAVE095_ROLL090_CMP_0612144710 --dof FD_HEAVE
[suite-heartbeat] suite=HEAVE095_ROLL090_CMP_0612144710_20260706T062517Z0000 dof=FD_HEAVE phase=executor elapsed=29.0s child_status=WAITING_FOR_RESOURCE_LOCK child_run=RUN_0002_FD_SURGE_SURGE_AF0_N190K_IC178_M105B_T600_0706
[suite-heartbeat] suite=HEAVE095_ROLL090_CMP_0612144710_20260706T062517Z0000 dof=FD_HEAVE phase=executor elapsed=59.0s child_status=WAITING_FOR_RESOURCE_LOCK child_run=RUN_0002_FD_SURGE_SURGE_AF0_N190K_IC178_M105B_T600_0706
[suite-heartbeat] suite=HEAVE095_ROLL090_CMP_0612144710_20260706T062517Z0000 dof=FD_HEAVE phase=executor elapsed=89.0s child_status=WAITING_FOR_RESOURCE_LOCK child_run=RUN_0002_FD_SURGE_SURGE_AF0_N190K_IC178_M105B_T600_0706
[suite-heartbeat] suite=HEAVE095_ROLL090_CMP_0612144710_20260706T062517Z0000 dof=FD_HEAVE phase=executor elapsed=119.1s child_status=WAITING_FOR_RESOURCE_LOCK child_run=RUN_0002_FD_SURGE_SURGE_AF0_N190K_IC178_M105B_T600_0706
[suite-heartbeat] suite=HEAVE095_ROLL090_CMP_0612144710_20260706T062517Z0000 dof=FD_HEAVE phase=executor elapsed=149.1s child_status=RUNNING child_run=RUN_0003_FD_SURGE_SURGE_AF0_N190K_IC178_M105B_T600_0706
[suite-heartbeat] suite=HEAVE095_ROLL090_CMP_0612144710_20260706T062517Z0000 dof=FD_HEAVE phase=executor elapsed=179.1s child_status=RUNNING child_run=RUN_0003_FD_SURGE_SURGE_AF0_N190K_IC178_M105B_T600_0706
[suite-heartbeat] suite=HEAVE095_ROLL090_CMP_0612144710_20260706T062517Z0000 dof=FD_HEAVE phase=executor elapsed=209.1s child_status=RUNNING child_run=RUN_0003_FD_SURGE_SURGE_AF0_N190K_IC178_M105B_T600_0706
[suite-heartbeat] suite=HEAVE095_ROLL090_CMP_0612144710_20260706T062517Z0000 dof=FD_HEAVE phase=executor elapsed=239.1s child_status=RUNNING child_run=RUN_0003_FD_SURGE_SURGE_AF0_N190K_IC178_M105B_T600_0706
[suite-heartbeat] suite=HEAVE095_ROLL090_CMP_0612144710_20260706T062517Z0000 dof=FD_HEAVE phase=executor elapsed=269.2s child_status=RUNNING child_run=RUN_0003_FD_SURGE_SURGE_AF0_N190K_IC178_M105B_T600_0706
[suite-heartbeat] suite=HEAVE095_ROLL090_CMP_0612144710_20260706T062517Z0000 dof=FD_HEAVE phase=executor elapsed=299.2s child_status=RUNNING child_run=RUN_0003_FD_SURGE_SURGE_AF0_N190K_IC178_M105B_T600_0706
[suite-heartbeat] suite=HEAVE095_ROLL090_CMP_0612144710_20260706T062517Z0000 dof=FD_HEAVE phase=executor elapsed=329.2s child_status=RUNNING child_run=RUN_0003_FD_SURGE_SURGE_AF0_N190K_IC178_M105B_T600_0706
Run Executor: SUCCESS RUN_0006_FD_HEAVE_HEAVE095_ROLL090_CMP_0612144710
[exit 0]

$ C:\Users\hunmi\AppData\Local\Microsoft\WindowsApps\PythonSoftwareFoundation.Python.3.11_qbz5n2kfra8p0\python.exe 03_scripts\05_evaluate_metrics.py --candidate HEAVE095_ROLL090_CMP_0612144710 --dof FD_HEAVE
Metric Evaluator: PASS
[exit 0]

$ C:\Users\hunmi\AppData\Local\Microsoft\WindowsApps\PythonSoftwareFoundation.Python.3.11_qbz5n2kfra8p0\python.exe 03_scripts\04_run_executor.py --candidate HEAVE095_ROLL090_CMP_0612144710 --dof FD_ROLL
[suite-heartbeat] suite=HEAVE095_ROLL090_CMP_0612144710_20260706T062517Z0000 dof=FD_ROLL phase=executor elapsed=29.0s child_status=RUNNING child_run=RUN_0003_FD_SURGE_SURGE_AF0_N190K_IC178_M105B_T600_0706
[suite-heartbeat] suite=HEAVE095_ROLL090_CMP_0612144710_20260706T062517Z0000 dof=FD_ROLL phase=executor elapsed=59.0s child_status=RUNNING child_run=RUN_0003_FD_SURGE_SURGE_AF0_N190K_IC178_M105B_T600_0706
[suite-heartbeat] suite=HEAVE095_ROLL090_CMP_0612144710_20260706T062517Z0000 dof=FD_ROLL phase=executor elapsed=89.0s child_status=RUNNING child_run=RUN_0003_FD_SURGE_SURGE_AF0_N190K_IC178_M105B_T600_0706
[suite-heartbeat] suite=HEAVE095_ROLL090_CMP_0612144710_20260706T062517Z0000 dof=FD_ROLL phase=executor elapsed=119.1s child_status=RUNNING child_run=RUN_0003_FD_SURGE_SURGE_AF0_N190K_IC178_M105B_T600_0706
[suite-heartbeat] suite=HEAVE095_ROLL090_CMP_0612144710_20260706T062517Z0000 dof=FD_ROLL phase=executor elapsed=149.1s child_status=RUNNING child_run=RUN_0003_FD_SURGE_SURGE_AF0_N190K_IC178_M105B_T600_0706
[suite-heartbeat] suite=HEAVE095_ROLL090_CMP_0612144710_20260706T062517Z0000 dof=FD_ROLL phase=executor elapsed=179.1s child_status=RUNNING child_run=RUN_0003_FD_SURGE_SURGE_AF0_N190K_IC178_M105B_T600_0706
[suite-heartbeat] suite=HEAVE095_ROLL090_CMP_0612144710_20260706T062517Z0000 dof=FD_ROLL phase=executor elapsed=209.1s child_status=RUNNING child_run=RUN_0003_FD_SURGE_SURGE_AF0_N190K_IC178_M105B_T600_0706
[suite-heartbeat] suite=HEAVE095_ROLL090_CMP_0612144710_20260706T062517Z0000 dof=FD_ROLL phase=executor elapsed=239.1s child_status=RUNNING child_run=RUN_0003_FD_SURGE_SURGE_AF0_N190K_IC178_M105B_T600_0706
[suite-heartbeat] suite=HEAVE095_ROLL090_CMP_0612144710_20260706T062517Z0000 dof=FD_ROLL phase=executor elapsed=269.2s child_status=SUCCESS child_run=RUN_0003_FD_SURGE_SURGE_AF0_N190K_IC178_M105B_T600_0706
[suite-heartbeat] suite=HEAVE095_ROLL090_CMP_0612144710_20260706T062517Z0000 dof=FD_ROLL phase=executor elapsed=299.2s child_status=RUNNING child_run=RUN_0006_FD_ROLL_HEAVE095_ROLL090_CMP_0612144710
[suite-heartbeat] suite=HEAVE095_ROLL090_CMP_0612144710_20260706T062517Z0000 dof=FD_ROLL phase=executor elapsed=329.2s child_status=RUNNING child_run=RUN_0001_FD_SURGE_SURGE_AF0_N190K_IC178_M1125_T600_0706
[suite-heartbeat] suite=HEAVE095_ROLL090_CMP_0612144710_20260706T062517Z0000 dof=FD_ROLL phase=executor elapsed=359.2s child_status=RUNNING child_run=RUN_0001_FD_SURGE_SURGE_AF0_N190K_IC178_M1125_T600_0706
[suite-heartbeat] suite=HEAVE095_ROLL090_CMP_0612144710_20260706T062517Z0000 dof=FD_ROLL phase=executor elapsed=389.2s child_status=RUNNING child_run=RUN_0001_FD_SURGE_SURGE_AF0_N190K_IC178_M1125_T600_0706
[suite-heartbeat] suite=HEAVE095_ROLL090_CMP_0612144710_20260706T062517Z0000 dof=FD_ROLL phase=executor elapsed=419.3s child_status=RUNNING child_run=RUN_0001_FD_SURGE_SURGE_AF0_N190K_IC178_M1125_T600_0706
Run Executor: SUCCESS RUN_0006_FD_ROLL_HEAVE095_ROLL090_CMP_0612144710
[exit 0]

$ C:\Users\hunmi\AppData\Local\Microsoft\WindowsApps\PythonSoftwareFoundation.Python.3.11_qbz5n2kfra8p0\python.exe 03_scripts\05_evaluate_metrics.py --candidate HEAVE095_ROLL090_CMP_0612144710 --dof FD_ROLL
Metric Evaluator: PASS
[exit 0]

$ C:\Users\hunmi\AppData\Local\Microsoft\WindowsApps\PythonSoftwareFoundation.Python.3.11_qbz5n2kfra8p0\python.exe 03_scripts\04_run_executor.py --candidate HEAVE095_ROLL090_CMP_0612144710 --dof FD_PITCH
[suite-heartbeat] suite=HEAVE095_ROLL090_CMP_0612144710_20260706T062517Z0000 dof=FD_PITCH phase=executor elapsed=29.0s child_status=RUNNING child_run=RUN_0001_FD_SURGE_SURGE_AF0_N190K_IC178_M1125_T600_0706
[suite-heartbeat] suite=HEAVE095_ROLL090_CMP_0612144710_20260706T062517Z0000 dof=FD_PITCH phase=executor elapsed=59.0s child_status=RUNNING child_run=RUN_0001_FD_SURGE_SURGE_AF0_N190K_IC178_M1125_T600_0706
[suite-heartbeat] suite=HEAVE095_ROLL090_CMP_0612144710_20260706T062517Z0000 dof=FD_PITCH phase=executor elapsed=89.1s child_status=RUNNING child_run=RUN_0001_FD_SURGE_SURGE_AF0_N190K_IC178_M1125_T600_0706
[suite-heartbeat] suite=HEAVE095_ROLL090_CMP_0612144710_20260706T062517Z0000 dof=FD_PITCH phase=executor elapsed=119.1s child_status=RUNNING child_run=RUN_0001_FD_SURGE_SURGE_AF0_N190K_IC178_M1125_T600_0706
[suite-heartbeat] suite=HEAVE095_ROLL090_CMP_0612144710_20260706T062517Z0000 dof=FD_PITCH phase=executor elapsed=149.1s child_status=RUNNING child_run=RUN_0001_FD_SURGE_SURGE_AF0_N190K_IC178_M1125_T600_0706
[suite-heartbeat] suite=HEAVE095_ROLL090_CMP_0612144710_20260706T062517Z0000 dof=FD_PITCH phase=executor elapsed=179.1s child_status=RUNNING child_run=RUN_0001_FD_SURGE_SURGE_AF0_N190K_IC178_M1125_T600_0706
[suite-heartbeat] suite=HEAVE095_ROLL090_CMP_0612144710_20260706T062517Z0000 dof=FD_PITCH phase=executor elapsed=209.1s child_status=RUNNING child_run=RUN_0001_FD_SURGE_SURGE_AF0_N190K_IC178_M1125_T600_0706
[suite-heartbeat] suite=HEAVE095_ROLL090_CMP_0612144710_20260706T062517Z0000 dof=FD_PITCH phase=executor elapsed=239.2s child_status=RUNNING child_run=RUN_0001_FD_SURGE_SURGE_AF0_N190K_IC178_M1125_T600_0706
[suite-heartbeat] suite=HEAVE095_ROLL090_CMP_0612144710_20260706T062517Z0000 dof=FD_PITCH phase=executor elapsed=269.2s child_status=RUNNING child_run=RUN_0001_FD_SURGE_SURGE_AF0_N190K_IC178_M1125_T600_0706
[suite-heartbeat] suite=HEAVE095_ROLL090_CMP_0612144710_20260706T062517Z0000 dof=FD_PITCH phase=executor elapsed=299.2s child_status=RUNNING child_run=RUN_0001_FD_SURGE_SURGE_AF0_N190K_IC178_M1125_T600_0706
[suite-heartbeat] suite=HEAVE095_ROLL090_CMP_0612144710_20260706T062517Z0000 dof=FD_PITCH phase=executor elapsed=329.2s child_status=RUNNING child_run=RUN_0001_FD_SURGE_SURGE_AF0_N190K_IC178_M1125_T600_0706
[suite-heartbeat] suite=HEAVE095_ROLL090_CMP_0612144710_20260706T062517Z0000 dof=FD_PITCH phase=executor elapsed=359.2s child_status=SUCCESS child_run=RUN_0001_FD_SURGE_SURGE_AF0_N190K_IC178_M1125_T600_0706
[suite-heartbeat] suite=HEAVE095_ROLL090_CMP_0612144710_20260706T062517Z0000 dof=FD_PITCH phase=executor elapsed=389.3s child_status=RUNNING child_run=RUN_0006_FD_PITCH_HEAVE095_ROLL090_CMP_0612144710
[suite-heartbeat] suite=HEAVE095_ROLL090_CMP_0612144710_20260706T062517Z0000 dof=FD_PITCH phase=executor elapsed=419.3s child_status=RUNNING child_run=RUN_0006_FD_PITCH_HEAVE095_ROLL090_CMP_0612144710
Run Executor: SUCCESS RUN_0006_FD_PITCH_HEAVE095_ROLL090_CMP_0612144710
[exit 0]

$ C:\Users\hunmi\AppData\Local\Microsoft\WindowsApps\PythonSoftwareFoundation.Python.3.11_qbz5n2kfra8p0\python.exe 03_scripts\05_evaluate_metrics.py --candidate HEAVE095_ROLL090_CMP_0612144710 --dof FD_PITCH
Metric Evaluator: PASS
[exit 0]

$ C:\Users\hunmi\AppData\Local\Microsoft\WindowsApps\PythonSoftwareFoundation.Python.3.11_qbz5n2kfra8p0\python.exe 03_scripts\04_run_executor.py --candidate HEAVE095_ROLL090_CMP_0612144710 --dof FD_YAW
[suite-heartbeat] suite=HEAVE095_ROLL090_CMP_0612144710_20260706T062517Z0000 dof=FD_YAW phase=executor elapsed=29.0s child_status=RUNNING child_run=RUN_0001_FD_SURGE_SURGE_AF0_N190K_IC178_M1085_T600_0706
[suite-heartbeat] suite=HEAVE095_ROLL090_CMP_0612144710_20260706T062517Z0000 dof=FD_YAW phase=executor elapsed=59.0s child_status=RUNNING child_run=RUN_0001_FD_SURGE_SURGE_AF0_N190K_IC178_M1085_T600_0706
[suite-heartbeat] suite=HEAVE095_ROLL090_CMP_0612144710_20260706T062517Z0000 dof=FD_YAW phase=executor elapsed=89.0s child_status=RUNNING child_run=RUN_0001_FD_SURGE_SURGE_AF0_N190K_IC178_M1085_T600_0706
[suite-heartbeat] suite=HEAVE095_ROLL090_CMP_0612144710_20260706T062517Z0000 dof=FD_YAW phase=executor elapsed=119.1s child_status=RUNNING child_run=RUN_0001_FD_SURGE_SURGE_AF0_N190K_IC178_M1085_T600_0706
[suite-heartbeat] suite=HEAVE095_ROLL090_CMP_0612144710_20260706T062517Z0000 dof=FD_YAW phase=executor elapsed=149.1s child_status=RUNNING child_run=RUN_0001_FD_SURGE_SURGE_AF0_N190K_IC178_M1085_T600_0706
[suite-heartbeat] suite=HEAVE095_ROLL090_CMP_0612144710_20260706T062517Z0000 dof=FD_YAW phase=executor elapsed=179.1s child_status=RUNNING child_run=RUN_0001_FD_SURGE_SURGE_AF0_N190K_IC178_M1085_T600_0706
[suite-heartbeat] suite=HEAVE095_ROLL090_CMP_0612144710_20260706T062517Z0000 dof=FD_YAW phase=executor elapsed=209.1s child_status=RUNNING child_run=RUN_0001_FD_SURGE_SURGE_AF0_N190K_IC178_M1085_T600_0706
[suite-heartbeat] suite=HEAVE095_ROLL090_CMP_0612144710_20260706T062517Z0000 dof=FD_YAW phase=executor elapsed=239.2s child_status=RUNNING child_run=RUN_0001_FD_SURGE_SURGE_AF0_N190K_IC178_M1085_T600_0706
[suite-heartbeat] suite=HEAVE095_ROLL090_CMP_0612144710_20260706T062517Z0000 dof=FD_YAW phase=executor elapsed=269.2s child_status=RUNNING child_run=RUN_0001_FD_SURGE_SURGE_AF0_N190K_IC178_M1085_T600_0706
[suite-heartbeat] suite=HEAVE095_ROLL090_CMP_0612144710_20260706T062517Z0000 dof=FD_YAW phase=executor elapsed=299.2s child_status=RUNNING child_run=RUN_0001_FD_SURGE_SURGE_AF0_N190K_IC178_M1085_T600_0706
[suite-heartbeat] suite=HEAVE095_ROLL090_CMP_0612144710_20260706T062517Z0000 dof=FD_YAW phase=executor elapsed=329.2s child_status=RUNNING child_run=RUN_0001_FD_SURGE_SURGE_AF0_N190K_IC178_M1085_T600_0706
[suite-heartbeat] suite=HEAVE095_ROLL090_CMP_0612144710_20260706T062517Z0000 dof=FD_YAW phase=executor elapsed=359.2s child_status=RUNNING child_run=RUN_0001_FD_SURGE_SURGE_AF0_N190K_IC178_M1085_T600_0706
[suite-heartbeat] suite=HEAVE095_ROLL090_CMP_0612144710_20260706T062517Z0000 dof=FD_YAW phase=executor elapsed=389.2s child_status=RUNNING child_run=RUN_0001_FD_SURGE_SURGE_AF0_N190K_IC178_M1085_T600_0706
[suite-heartbeat] suite=HEAVE095_ROLL090_CMP_0612144710_20260706T062517Z0000 dof=FD_YAW phase=executor elapsed=419.3s child_status=RUNNING child_run=RUN_0001_FD_SURGE_SURGE_AF0_N190K_IC178_M1085_T600_0706
[suite-heartbeat] suite=HEAVE095_ROLL090_CMP_0612144710_20260706T062517Z0000 dof=FD_YAW phase=executor elapsed=449.3s child_status=RUNNING child_run=RUN_0001_FD_SURGE_SURGE_AF0_N190K_IC178_M1085_T600_0706
[suite-heartbeat] suite=HEAVE095_ROLL090_CMP_0612144710_20260706T062517Z0000 dof=FD_YAW phase=executor elapsed=479.3s child_status=RUNNING child_run=RUN_0001_FD_SURGE_SURGE_AF0_N190K_IC178_M1085_T600_0706
[suite-heartbeat] suite=HEAVE095_ROLL090_CMP_0612144710_20260706T062517Z0000 dof=FD_YAW phase=executor elapsed=509.3s child_status=SUCCESS child_run=RUN_0001_FD_SURGE_SURGE_AF0_N190K_IC178_M1085_T600_0706
[suite-heartbeat] suite=HEAVE095_ROLL090_CMP_0612144710_20260706T062517Z0000 dof=FD_YAW phase=executor elapsed=539.4s child_status=RUNNING child_run=RUN_0006_FD_YAW_HEAVE095_ROLL090_CMP_0612144710
[suite-heartbeat] suite=HEAVE095_ROLL090_CMP_0612144710_20260706T062517Z0000 dof=FD_YAW phase=executor elapsed=569.4s child_status=RUNNING child_run=RUN_0006_FD_YAW_HEAVE095_ROLL090_CMP_0612144710
Run Executor: SUCCESS RUN_0006_FD_YAW_HEAVE095_ROLL090_CMP_0612144710
[exit 0]

$ C:\Users\hunmi\AppData\Local\Microsoft\WindowsApps\PythonSoftwareFoundation.Python.3.11_qbz5n2kfra8p0\python.exe 03_scripts\05_evaluate_metrics.py --candidate HEAVE095_ROLL090_CMP_0612144710 --dof FD_YAW
Metric Evaluator: PASS
[exit 0]

$ C:\Users\hunmi\AppData\Local\Microsoft\WindowsApps\PythonSoftwareFoundation.Python.3.11_qbz5n2kfra8p0\python.exe 03_scripts\06_select_candidates.py
Selector: complete
[exit 0]

[suite-complete] {"suite_id": "HEAVE095_ROLL090_CMP_0612144710_20260706T062517Z0000", "candidate_id": "HEAVE095_ROLL090_CMP_0612144710", "dofs": ["FD_SURGE", "FD_SWAY", "FD_HEAVE", "FD_ROLL", "FD_PITCH", "FD_YAW"], "status": "SUCCESS", "updated": "2026-07-06T07:20:32+00:00", "failures": [], "log_path": "08_logs/sixdof_runner_HEAVE095_ROLL090_CMP_0612144710_HEAVE095_ROLL090_CMP_0612144710_20260706T062517Z0000.log", "suite_status_path": "08_logs/sixdof_runner_HEAVE095_ROLL090_CMP_0612144710_HEAVE095_ROLL090_CMP_0612144710_20260706T062517Z0000.status.json"}
