
$ C:\Users\hunmi\AppData\Local\Microsoft\WindowsApps\PythonSoftwareFoundation.Python.3.11_qbz5n2kfra8p0\python.exe 03_scripts\04_run_executor.py --candidate LP_B7F42ED0715D_HEAVE_20260706T134334Z0000 --dof FD_SURGE --suite-id LP_B7F42ED0715D_HEAVE_20260706T134334Z0000_20260706T134354Z0000
[suite-heartbeat] suite=LP_B7F42ED0715D_HEAVE_20260706T134334Z0000_20260706T134354Z0000 dof=FD_SURGE phase=executor elapsed=29.0s child_status=RUNNING child_run=RUN_0001_FD_SURGE_LP_B7F42ED0715D_HEAVE_20260706T134334Z0000
[suite-heartbeat] suite=LP_B7F42ED0715D_HEAVE_20260706T134334Z0000_20260706T134354Z0000 dof=FD_SURGE phase=executor elapsed=59.0s child_status=RUNNING child_run=RUN_0001_FD_SURGE_LP_B7F42ED0715D_HEAVE_20260706T134334Z0000
[suite-heartbeat] suite=LP_B7F42ED0715D_HEAVE_20260706T134334Z0000_20260706T134354Z0000 dof=FD_SURGE phase=executor elapsed=89.1s child_status=RUNNING child_run=RUN_0001_FD_SURGE_LP_B7F42ED0715D_HEAVE_20260706T134334Z0000
[suite-heartbeat] suite=LP_B7F42ED0715D_HEAVE_20260706T134334Z0000_20260706T134354Z0000 dof=FD_SURGE phase=executor elapsed=119.1s child_status=RUNNING child_run=RUN_0001_FD_SURGE_LP_B7F42ED0715D_HEAVE_20260706T134334Z0000
[suite-heartbeat] suite=LP_B7F42ED0715D_HEAVE_20260706T134334Z0000_20260706T134354Z0000 dof=FD_SURGE phase=executor elapsed=149.2s child_status=RUNNING child_run=RUN_0001_FD_SURGE_LP_B7F42ED0715D_HEAVE_20260706T134334Z0000
[suite-heartbeat] suite=LP_B7F42ED0715D_HEAVE_20260706T134334Z0000_20260706T134354Z0000 dof=FD_SURGE phase=executor elapsed=179.2s child_status=RUNNING child_run=RUN_0001_FD_SURGE_LP_B7F42ED0715D_HEAVE_20260706T134334Z0000
[suite-heartbeat] suite=LP_B7F42ED0715D_HEAVE_20260706T134334Z0000_20260706T134354Z0000 dof=FD_SURGE phase=executor elapsed=209.3s child_status=RUNNING child_run=RUN_0001_FD_SURGE_LP_B7F42ED0715D_HEAVE_20260706T134334Z0000
[suite-heartbeat] suite=LP_B7F42ED0715D_HEAVE_20260706T134334Z0000_20260706T134354Z0000 dof=FD_SURGE phase=executor elapsed=239.3s child_status=RUNNING child_run=RUN_0001_FD_SURGE_LP_B7F42ED0715D_HEAVE_20260706T134334Z0000
[suite-heartbeat] suite=LP_B7F42ED0715D_HEAVE_20260706T134334Z0000_20260706T134354Z0000 dof=FD_SURGE phase=executor elapsed=269.4s child_status=RUNNING child_run=RUN_0001_FD_SURGE_LP_B7F42ED0715D_HEAVE_20260706T134334Z0000
Run Executor: SUCCESS RUN_0001_FD_SURGE_LP_B7F42ED0715D_HEAVE_20260706T134334Z0000
[exit 0]

$ C:\Users\hunmi\AppData\Local\Microsoft\WindowsApps\PythonSoftwareFoundation.Python.3.11_qbz5n2kfra8p0\python.exe 03_scripts\05_evaluate_metrics.py --candidate LP_B7F42ED0715D_HEAVE_20260706T134334Z0000 --dof FD_SURGE
Metric Evaluator: PASS
[exit 0]

$ C:\Users\hunmi\AppData\Local\Microsoft\WindowsApps\PythonSoftwareFoundation.Python.3.11_qbz5n2kfra8p0\python.exe 03_scripts\04_run_executor.py --candidate LP_B7F42ED0715D_HEAVE_20260706T134334Z0000 --dof FD_SWAY --suite-id LP_B7F42ED0715D_HEAVE_20260706T134334Z0000_20260706T134354Z0000
[suite-heartbeat] suite=LP_B7F42ED0715D_HEAVE_20260706T134334Z0000_20260706T134354Z0000 dof=FD_SWAY phase=executor elapsed=29.0s child_status=RUNNING child_run=RUN_0001_FD_SWAY_LP_B7F42ED0715D_HEAVE_20260706T134334Z0000
[suite-heartbeat] suite=LP_B7F42ED0715D_HEAVE_20260706T134334Z0000_20260706T134354Z0000 dof=FD_SWAY phase=executor elapsed=59.0s child_status=RUNNING child_run=RUN_0001_FD_SWAY_LP_B7F42ED0715D_HEAVE_20260706T134334Z0000
[suite-heartbeat] suite=LP_B7F42ED0715D_HEAVE_20260706T134334Z0000_20260706T134354Z0000 dof=FD_SWAY phase=executor elapsed=89.1s child_status=RUNNING child_run=RUN_0001_FD_SWAY_LP_B7F42ED0715D_HEAVE_20260706T134334Z0000
[suite-heartbeat] suite=LP_B7F42ED0715D_HEAVE_20260706T134334Z0000_20260706T134354Z0000 dof=FD_SWAY phase=executor elapsed=119.1s child_status=RUNNING child_run=RUN_0001_FD_SWAY_LP_B7F42ED0715D_HEAVE_20260706T134334Z0000
[suite-heartbeat] suite=LP_B7F42ED0715D_HEAVE_20260706T134334Z0000_20260706T134354Z0000 dof=FD_SWAY phase=executor elapsed=149.2s child_status=RUNNING child_run=RUN_0001_FD_SWAY_LP_B7F42ED0715D_HEAVE_20260706T134334Z0000
[suite-heartbeat] suite=LP_B7F42ED0715D_HEAVE_20260706T134334Z0000_20260706T134354Z0000 dof=FD_SWAY phase=executor elapsed=179.2s child_status=RUNNING child_run=RUN_0001_FD_SWAY_LP_B7F42ED0715D_HEAVE_20260706T134334Z0000
